#
# A fatal error has been detected by the Java Runtime Environment:
#
#  SIGSEGV (0xb) at pc=0x00007fb41c1c9156, pid=7258, tid=140411564828416
#
# JRE version: 7.0_25-b30
# Java VM: OpenJDK 64-Bit Server VM (23.7-b01 mixed mode linux-amd64 compressed oops)
# Problematic frame:
# V  [libjvm.so+0x539156]  jni_GetStringUTFChars+0x76
#
# Failed to write core dump. Core dumps have been disabled. To enable core dumping, try "ulimit -c unlimited" before starting Java again
#
# If you would like to submit a bug report, please include
# instructions on how to reproduce the bug and visit:
#   http://icedtea.classpath.org/bugzilla
#

---------------  T H R E A D  ---------------

Current thread (0x000000000065c000):  JavaThread "main" [_thread_in_vm, id=7260, stack(0x00007fb41d61a000,0x00007fb41d71b000)]

siginfo:si_signo=SIGSEGV: si_errno=0, si_code=1 (SEGV_MAPERR), si_addr=0x0000000000000000

Registers:
RAX=0x00007fb41c522520, RBX=0x000000000065c000, RCX=0x000000000065c1d8, RDX=0x000000000065cbe0
RSP=0x00007fb41d719850, RBP=0x00007fb41d7198b0, RSI=0x0000000000000006, RDI=0x000000000065c000
R8 =0x0000000000000000, R9 =0x0000000000000001, R10=0x0000000000000000, R11=0x00007fb3de58fdfe
R12=0x0000000000000000, R13=0x0000000386cb5a50, R14=0x00007fb41d719998, R15=0x0000000000000000
RIP=0x00007fb41c1c9156, EFLAGS=0x0000000000010293, CSGSFS=0x0000000000000033, ERR=0x0000000000000004
  TRAPNO=0x000000000000000e

Top of Stack: (sp=0x00007fb41d719850)
0x00007fb41d719850:   00007fb400000005 0000000000000000
0x00007fb41d719860:   000000000065c000 000000000065cbd8
0x00007fb41d719870:   00007fb4000002e6 00007fb41c522520
0x00007fb41d719880:   00007fb41d719920 0000000386cb5a50
0x00007fb41d719890:   0000000000000000 0000000386cb5a50
0x00007fb41d7198a0:   00007fb41d719998 000000000065c000
0x00007fb41d7198b0:   00007fb41d7198e0 00007fb3de58fe31
0x00007fb41d7198c0:   000000000065c1d8 0000000000000000
0x00007fb41d7198d0:   0000000000000000 000000000065c1d8
0x00007fb41d7198e0:   00007fb41d719920 00007fb3de58fc01
0x00007fb41d7198f0:   0000000386cb5a50 0000000000000000
0x00007fb41d719900:   00007fb41d719988 000000000065c1d8
0x00007fb41d719910:   00007fb41d719978 00007fb41747ce29
0x00007fb41d719920:   00007fb41d719978 00007fb41747cf90
0x00007fb41d719930:   00007fb417470410 00007fb41d719938
0x00007fb41d719940:   0000000386cb5a50 00007fb41d719998
0x00007fb41d719950:   0000000386cb5f28 0000000000000000
0x00007fb41d719960:   0000000386cb5a50 0000000000000000
0x00007fb41d719970:   00007fb41d719998 00007fb41d7199e8
0x00007fb41d719980:   00007fb4174712d4 0000000685b07038
0x00007fb41d719990:   00007fb417479dd6 0000000000000000
0x00007fb41d7199a0:   0000000685aca678 00007fb41d7199a8
0x00007fb41d7199b0:   0000000386cb5c2e 00007fb41d7199f8
0x00007fb41d7199c0:   0000000386cb5f28 0000000000000000
0x00007fb41d7199d0:   0000000386cb5c58 00007fb41d719998
0x00007fb41d7199e0:   00007fb41d7199f8 00007fb41d719a60
0x00007fb41d7199f0:   00007fb41746b4f7 0000000685b07a60
0x00007fb41d719a00:   00007fb400001fa0 0000000000000000
0x00007fb41d719a10:   00007fb41d719cb0 00007fb41d719bd0
0x00007fb41d719a20:   000000000065c000 000000000065cbd0
0x00007fb41d719a30:   00007fb41d719ac0 00007fb41d719cb8
0x00007fb41d719a40:   000000000000000a 0000000386cb5c58 

Instructions: (pc=0x00007fb41c1c9156)
0x00007fb41c1c9136:   e6 d6 00 00 48 83 7b 08 00 48 89 5d b0 48 c7 45
0x00007fb41c1c9146:   b8 00 00 00 00 74 09 48 8d 7d b0 e8 da 65 20 00
0x00007fb41c1c9156:   4d 8b 2c 24 4c 89 ef e8 ee 01 ff ff 41 89 c6 48
0x00007fb41c1c9166:   98 48 83 c0 01 48 89 c7 48 89 45 a8 e8 19 77 1b 

Register to memory mapping:

RAX=0x00007fb41c522520: <offset 0x892520> in /usr/lib/jvm/java-7-openjdk-amd64/jre/lib/amd64/server/libjvm.so at 0x00007fb41bc90000
RBX=0x000000000065c000 is a thread
RCX=0x000000000065c1d8 is an unknown value
RDX=0x000000000065cbe0 is an unknown value
RSP=0x00007fb41d719850 is pointing into the stack for thread: 0x000000000065c000
RBP=0x00007fb41d7198b0 is pointing into the stack for thread: 0x000000000065c000
RSI=0x0000000000000006 is an unknown value
RDI=0x000000000065c000 is a thread
R8 =0x0000000000000000 is an unknown value
R9 =0x0000000000000001 is an unknown value
R10=0x0000000000000000 is an unknown value
R11=0x00007fb3de58fdfe: _ZN7JNIEnv_17GetStringUTFCharsEP8_jstringPh+0 in /home/bp4553/workspace/SoftwareArchitekturen/libnative.so at 0x00007fb3de58f000
R12=0x0000000000000000 is an unknown value
R13=0x0000000386cb5a50 is an oop
{method} 
 - klass: {other class}
R14=0x00007fb41d719998 is pointing into the stack for thread: 0x000000000065c000
R15=0x0000000000000000 is an unknown value


Stack: [0x00007fb41d61a000,0x00007fb41d71b000],  sp=0x00007fb41d719850,  free space=1022k
Native frames: (J=compiled Java code, j=interpreted, Vv=VM code, C=native code)
V  [libjvm.so+0x539156]  jni_GetStringUTFChars+0x76
C  [libnative.so+0xe31]  JNIEnv_::GetStringUTFChars(_jstring*, unsigned char*)+0x33
C  [libnative.so+0xc01]  Java_de_hswt_swa_jni_JNITest_strlen+0x46
j  de.hswt.swa.jni.JNITest.strlen(Ljava/lang/String;)I+0
j  de.hswt.swa.jni.JNITest.main([Ljava/lang/String;)V+30
v  ~StubRoutines::call_stub
V  [libjvm.so+0x527a8e]  JavaCalls::call_helper(JavaValue*, methodHandle*, JavaCallArguments*, Thread*)+0x32e
V  [libjvm.so+0x527535]  JavaCalls::call(JavaValue*, methodHandle, JavaCallArguments*, Thread*)+0x25
V  [libjvm.so+0x53d15c]  jni_invoke_static(JNIEnv_*, JavaValue*, _jobject*, JNICallType, _jmethodID*, JNI_ArgumentPusher*, Thread*) [clone .isra.123] [clone .constprop.147]+0xdc
V  [libjvm.so+0x53d7ba]  jni_CallStaticVoidMethod+0x12a
C  [libjli.so+0x31d1]  __strcat_chk+0x31d1

Java frames: (J=compiled Java code, j=interpreted, Vv=VM code)
j  de.hswt.swa.jni.JNITest.strlen(Ljava/lang/String;)I+0
j  de.hswt.swa.jni.JNITest.main([Ljava/lang/String;)V+30
v  ~StubRoutines::call_stub

---------------  P R O C E S S  ---------------

Java Threads: ( => current thread )
  0x00007fb40c062800 JavaThread "Service Thread" daemon [_thread_blocked, id=7291, stack(0x00007fb3de8a3000,0x00007fb3de9a4000)]
  0x00007fb40c05f800 JavaThread "C2 CompilerThread1" daemon [_thread_blocked, id=7290, stack(0x00007fb3de9a4000,0x00007fb3deaa5000)]
  0x00007fb40c05c800 JavaThread "C2 CompilerThread0" daemon [_thread_blocked, id=7289, stack(0x00007fb3deaa5000,0x00007fb3deba6000)]
  0x00007fb40c05a800 JavaThread "Signal Dispatcher" daemon [_thread_blocked, id=7288, stack(0x00007fb3deba6000,0x00007fb3deca7000)]
  0x00007fb40c001000 JavaThread "Finalizer" daemon [_thread_blocked, id=7286, stack(0x00007fb3dee1e000,0x00007fb3def1f000)]
  0x0000000000716000 JavaThread "Reference Handler" daemon [_thread_blocked, id=7285, stack(0x00007fb3def1f000,0x00007fb3df020000)]
=>0x000000000065c000 JavaThread "main" [_thread_in_vm, id=7260, stack(0x00007fb41d61a000,0x00007fb41d71b000)]

Other Threads:
  0x000000000070d800 VMThread [stack: 0x00007fb3df020000,0x00007fb3df121000] [id=7284]
  0x00007fb40c06d000 WatcherThread [stack: 0x00007fb3de7a2000,0x00007fb3de8a3000] [id=7292]

VM state:not at safepoint (normal execution)

VM Mutex/Monitor currently owned by a thread: None

Heap
 PSYoungGen      total 339008K, used 5812K [0x0000000685ab0000, 0x000000069d500000, 0x0000000800000000)
  eden space 290624K, 2% used [0x0000000685ab0000,0x000000068605d258,0x0000000697680000)
  from space 48384K, 0% used [0x000000069a5c0000,0x000000069a5c0000,0x000000069d500000)
  to   space 48384K, 0% used [0x0000000697680000,0x0000000697680000,0x000000069a5c0000)
 ParOldGen       total 774848K, used 0K [0x0000000391000000, 0x00000003c04b0000, 0x0000000685ab0000)
  object space 774848K, 0% used [0x0000000391000000,0x0000000391000000,0x00000003c04b0000)
 PSPermGen       total 21248K, used 2800K [0x0000000386a00000, 0x0000000387ec0000, 0x0000000391000000)
  object space 21248K, 13% used [0x0000000386a00000,0x0000000386cbc090,0x0000000387ec0000)

Card table byte_map: [0x00007fb41509f000,0x00007fb41746b000] byte_map_base: 0x00007fb41346a000

Polling page: 0x00007fb41d739000

Code Cache  [0x00007fb41746b000, 0x00007fb4176db000, 0x00007fb41a46b000)
 total_blobs=162 nmethods=0 adapters=130 free_code_cache=48776Kb largest_free_block=49946880

Compilation events (0 events):
No events

GC Heap History (0 events):
No events

Deoptimization events (0 events):
No events

Internal exceptions (6 events):
Event: 0,028 Thread 0x000000000065c000 Threw 0x0000000685ab6140 at /home/jmm/scratch/jdk/openjdk-7-7u25-2.3.10/build/openjdk/hotspot/src/share/vm/prims/jni.cpp:3994
Event: 0,069 Thread 0x000000000065c000 Threw 0x0000000685aff800 at /home/jmm/scratch/jdk/openjdk-7-7u25-2.3.10/build/openjdk/hotspot/src/share/vm/prims/jni.cpp:716
Event: 0,069 Thread 0x000000000065c000 Threw 0x0000000685aff998 at /home/jmm/scratch/jdk/openjdk-7-7u25-2.3.10/build/openjdk/hotspot/src/share/vm/prims/jvm.cpp:1235
Event: 0,069 Thread 0x000000000065c000 Threw 0x0000000685affac0 at /home/jmm/scratch/jdk/openjdk-7-7u25-2.3.10/build/openjdk/hotspot/src/share/vm/prims/jvm.cpp:1235
Event: 0,069 Thread 0x000000000065c000 Threw 0x0000000685b026d0 at /home/jmm/scratch/jdk/openjdk-7-7u25-2.3.10/build/openjdk/hotspot/src/share/vm/prims/jvm.cpp:1235
Event: 0,074 Thread 0x000000000065c000 Threw 0x0000000685b08d78 at /home/jmm/scratch/jdk/openjdk-7-7u25-2.3.10/build/openjdk/hotspot/src/share/vm/prims/jni.cpp:742

Events (10 events):
Event: 0,072 loading class 0x00007fb40c0c5e40
Event: 0,072 loading class 0x00007fb40c0c5e40 done
Event: 0,072 loading class 0x00007fb40c0c5e70
Event: 0,072 loading class 0x00007fb40c0c5e70 done
Event: 0,072 loading class 0x000000000070fd60
Event: 0,072 loading class 0x000000000070fd60 done
Event: 0,073 loading class 0x00000000006e2ae0
Event: 0,073 loading class 0x00000000006e2ae0 done
Event: 0,073 loading class 0x00000000006c2320
Event: 0,073 loading class 0x00000000006c2320 done


Dynamic libraries:
00400000-00401000 r-xp 00000000 fe:05 3981373                            /usr/lib/jvm/java-7-openjdk-amd64/jre/bin/java
00600000-00601000 r--p 00000000 fe:05 3981373                            /usr/lib/jvm/java-7-openjdk-amd64/jre/bin/java
00601000-00602000 rw-p 00001000 fe:05 3981373                            /usr/lib/jvm/java-7-openjdk-amd64/jre/bin/java
00650000-00730000 rw-p 00000000 00:00 0                                  [heap]
386a00000-387ec0000 rw-p 00000000 00:00 0 
387ec0000-391000000 rw-p 00000000 00:00 0 
391000000-3c04b0000 rw-p 00000000 00:00 0 
3c04b0000-685ab0000 rw-p 00000000 00:00 0 
685ab0000-69d500000 rw-p 00000000 00:00 0 
69d500000-800000000 rw-p 00000000 00:00 0 
7fb3de382000-7fb3de58f000 rw-p 00000000 00:00 0 
7fb3de58f000-7fb3de591000 r-xp 00000000 fe:04 2547792                    /home/bp4553/workspace/SoftwareArchitekturen/libnative.so
7fb3de591000-7fb3de790000 ---p 00002000 fe:04 2547792                    /home/bp4553/workspace/SoftwareArchitekturen/libnative.so
7fb3de790000-7fb3de791000 rw-p 00001000 fe:04 2547792                    /home/bp4553/workspace/SoftwareArchitekturen/libnative.so
7fb3de791000-7fb3de794000 r--s 0003c000 fe:05 3981406                    /usr/lib/jvm/java-7-openjdk-common/jre/lib/ext/sunpkcs11.jar
7fb3de794000-7fb3de795000 r--s 00002000 fe:05 3981414                    /usr/lib/jvm/java-7-openjdk-common/jre/lib/ext/dnsns.jar
7fb3de795000-7fb3de798000 r--s 00032000 fe:05 3981412                    /usr/lib/jvm/java-7-openjdk-common/jre/lib/ext/sunjce_provider.jar
7fb3de798000-7fb3de79c000 r--s 00085000 fe:05 3981410                    /usr/lib/jvm/java-7-openjdk-common/jre/lib/ext/localedata.jar
7fb3de79c000-7fb3de79f000 r--s 0000f000 fe:05 3981408                    /usr/lib/jvm/java-7-openjdk-common/jre/lib/ext/pulse-java.jar
7fb3de79f000-7fb3de7a1000 r--s 00012000 fe:05 3981404                    /usr/lib/jvm/java-7-openjdk-common/jre/lib/ext/zipfs.jar
7fb3de7a1000-7fb3de7a2000 r--s 00007000 fe:05 1213521                    /usr/share/java/java-atk-wrapper.jar
7fb3de7a2000-7fb3de7a3000 ---p 00000000 00:00 0 
7fb3de7a3000-7fb3de8a3000 rw-p 00000000 00:00 0 
7fb3de8a3000-7fb3de8a6000 ---p 00000000 00:00 0 
7fb3de8a6000-7fb3de9a4000 rw-p 00000000 00:00 0 
7fb3de9a4000-7fb3de9a7000 ---p 00000000 00:00 0 
7fb3de9a7000-7fb3deaa5000 rw-p 00000000 00:00 0 
7fb3deaa5000-7fb3deaa8000 ---p 00000000 00:00 0 
7fb3deaa8000-7fb3deba6000 rw-p 00000000 00:00 0 
7fb3deba6000-7fb3deba9000 ---p 00000000 00:00 0 
7fb3deba9000-7fb3deca7000 rw-p 00000000 00:00 0 
7fb3deca7000-7fb3dee1e000 r--p 00000000 fe:05 3932308                    /usr/lib/locale/locale-archive
7fb3dee1e000-7fb3dee21000 ---p 00000000 00:00 0 
7fb3dee21000-7fb3def1f000 rw-p 00000000 00:00 0 
7fb3def1f000-7fb3def22000 ---p 00000000 00:00 0 
7fb3def22000-7fb3df020000 rw-p 00000000 00:00 0 
7fb3df020000-7fb3df021000 ---p 00000000 00:00 0 
7fb3df021000-7fb40c000000 rw-p 00000000 00:00 0 
7fb40c000000-7fb40c0e2000 rw-p 00000000 00:00 0 
7fb40c0e2000-7fb410000000 ---p 00000000 00:00 0 
7fb410063000-7fb4129c4000 rw-p 00000000 00:00 0 
7fb4129c4000-7fb412b71000 r--s 01cec000 fe:05 3981368                    /usr/lib/jvm/java-7-openjdk-amd64/jre/lib/rt.jar
7fb412b71000-7fb412b99000 rw-p 00000000 00:00 0 
7fb412b99000-7fb412b9a000 ---p 00000000 00:00 0 
7fb412b9a000-7fb412c9a000 rw-p 00000000 00:00 0 
7fb412c9a000-7fb412c9b000 ---p 00000000 00:00 0 
7fb412c9b000-7fb412d9b000 rw-p 00000000 00:00 0 
7fb412d9b000-7fb412d9c000 ---p 00000000 00:00 0 
7fb412d9c000-7fb412e9c000 rw-p 00000000 00:00 0 
7fb412e9c000-7fb412e9d000 ---p 00000000 00:00 0 
7fb412e9d000-7fb412f9d000 rw-p 00000000 00:00 0 
7fb412f9d000-7fb412f9e000 ---p 00000000 00:00 0 
7fb412f9e000-7fb41309e000 rw-p 00000000 00:00 0 
7fb41309e000-7fb41309f000 ---p 00000000 00:00 0 
7fb41309f000-7fb41319f000 rw-p 00000000 00:00 0 
7fb41319f000-7fb4131a0000 ---p 00000000 00:00 0 
7fb4131a0000-7fb4132a0000 rw-p 00000000 00:00 0 
7fb4132a0000-7fb4132a1000 ---p 00000000 00:00 0 
7fb4132a1000-7fb4133a1000 rw-p 00000000 00:00 0 
7fb4133a1000-7fb4133a2000 ---p 00000000 00:00 0 
7fb4133a2000-7fb4134a2000 rw-p 00000000 00:00 0 
7fb4134a2000-7fb4134a3000 ---p 00000000 00:00 0 
7fb4134a3000-7fb4135a3000 rw-p 00000000 00:00 0 
7fb4135a3000-7fb4135a4000 ---p 00000000 00:00 0 
7fb4135a4000-7fb4136a4000 rw-p 00000000 00:00 0 
7fb4136a4000-7fb4136a5000 ---p 00000000 00:00 0 
7fb4136a5000-7fb4137a5000 rw-p 00000000 00:00 0 
7fb4137a5000-7fb4137a6000 ---p 00000000 00:00 0 
7fb4137a6000-7fb4138b1000 rw-p 00000000 00:00 0 
7fb4138b1000-7fb4138f9000 rw-p 00000000 00:00 0 
7fb4138f9000-7fb413a74000 rw-p 00000000 00:00 0 
7fb413a74000-7fb41509f000 rw-p 00000000 00:00 0 
7fb41509f000-7fb4150aa000 rw-p 00000000 00:00 0 
7fb4150aa000-7fb4150f2000 rw-p 00000000 00:00 0 
7fb4150f2000-7fb41526d000 rw-p 00000000 00:00 0 
7fb41526d000-7fb416897000 rw-p 00000000 00:00 0 
7fb416897000-7fb416955000 rw-p 00000000 00:00 0 
7fb416955000-7fb41746a000 rw-p 00000000 00:00 0 
7fb41746a000-7fb41746b000 rw-p 00000000 00:00 0 
7fb41746b000-7fb4176db000 rwxp 00000000 00:00 0 
7fb4176db000-7fb41a46b000 rw-p 00000000 00:00 0 
7fb41a46b000-7fb41a473000 r-xp 00000000 fe:05 3981363                    /usr/lib/jvm/java-7-openjdk-amd64/jre/lib/amd64/libzip.so
7fb41a473000-7fb41a672000 ---p 00008000 fe:05 3981363                    /usr/lib/jvm/java-7-openjdk-amd64/jre/lib/amd64/libzip.so
7fb41a672000-7fb41a673000 r--p 00007000 fe:05 3981363                    /usr/lib/jvm/java-7-openjdk-amd64/jre/lib/amd64/libzip.so
7fb41a673000-7fb41a674000 rw-p 00008000 fe:05 3981363                    /usr/lib/jvm/java-7-openjdk-amd64/jre/lib/amd64/libzip.so
7fb41a674000-7fb41a67f000 r-xp 00000000 fe:00 2593                       /lib/x86_64-linux-gnu/libnss_files-2.13.so
7fb41a67f000-7fb41a87e000 ---p 0000b000 fe:00 2593                       /lib/x86_64-linux-gnu/libnss_files-2.13.so
7fb41a87e000-7fb41a87f000 r--p 0000a000 fe:00 2593                       /lib/x86_64-linux-gnu/libnss_files-2.13.so
7fb41a87f000-7fb41a880000 rw-p 0000b000 fe:00 2593                       /lib/x86_64-linux-gnu/libnss_files-2.13.so
7fb41a880000-7fb41a88a000 r-xp 00000000 fe:00 2605                       /lib/x86_64-linux-gnu/libnss_nis-2.13.so
7fb41a88a000-7fb41aa89000 ---p 0000a000 fe:00 2605                       /lib/x86_64-linux-gnu/libnss_nis-2.13.so
7fb41aa89000-7fb41aa8a000 r--p 00009000 fe:00 2605                       /lib/x86_64-linux-gnu/libnss_nis-2.13.so
7fb41aa8a000-7fb41aa8b000 rw-p 0000a000 fe:00 2605                       /lib/x86_64-linux-gnu/libnss_nis-2.13.so
7fb41aa8b000-7fb41aaa0000 r-xp 00000000 fe:00 2603                       /lib/x86_64-linux-gnu/libnsl-2.13.so
7fb41aaa0000-7fb41ac9f000 ---p 00015000 fe:00 2603                       /lib/x86_64-linux-gnu/libnsl-2.13.so
7fb41ac9f000-7fb41aca0000 r--p 00014000 fe:00 2603                       /lib/x86_64-linux-gnu/libnsl-2.13.so
7fb41aca0000-7fb41aca1000 rw-p 00015000 fe:00 2603                       /lib/x86_64-linux-gnu/libnsl-2.13.so
7fb41aca1000-7fb41aca3000 rw-p 00000000 00:00 0 
7fb41aca3000-7fb41acaa000 r-xp 00000000 fe:00 2595                       /lib/x86_64-linux-gnu/libnss_compat-2.13.so
7fb41acaa000-7fb41aea9000 ---p 00007000 fe:00 2595                       /lib/x86_64-linux-gnu/libnss_compat-2.13.so
7fb41aea9000-7fb41aeaa000 r--p 00006000 fe:00 2595                       /lib/x86_64-linux-gnu/libnss_compat-2.13.so
7fb41aeaa000-7fb41aeab000 rw-p 00007000 fe:00 2595                       /lib/x86_64-linux-gnu/libnss_compat-2.13.so
7fb41aeab000-7fb41aed5000 r-xp 00000000 fe:05 3981353                    /usr/lib/jvm/java-7-openjdk-amd64/jre/lib/amd64/libjava.so
7fb41aed5000-7fb41b0d5000 ---p 0002a000 fe:05 3981353                    /usr/lib/jvm/java-7-openjdk-amd64/jre/lib/amd64/libjava.so
7fb41b0d5000-7fb41b0d6000 r--p 0002a000 fe:05 3981353                    /usr/lib/jvm/java-7-openjdk-amd64/jre/lib/amd64/libjava.so
7fb41b0d6000-7fb41b0d8000 rw-p 0002b000 fe:05 3981353                    /usr/lib/jvm/java-7-openjdk-amd64/jre/lib/amd64/libjava.so
7fb41b0d8000-7fb41b0e7000 r-xp 00000000 fe:05 3981334                    /usr/lib/jvm/java-7-openjdk-amd64/jre/lib/amd64/libverify.so
7fb41b0e7000-7fb41b2e6000 ---p 0000f000 fe:05 3981334                    /usr/lib/jvm/java-7-openjdk-amd64/jre/lib/amd64/libverify.so
7fb41b2e6000-7fb41b2e8000 r--p 0000e000 fe:05 3981334                    /usr/lib/jvm/java-7-openjdk-amd64/jre/lib/amd64/libverify.so
7fb41b2e8000-7fb41b2e9000 rw-p 00010000 fe:05 3981334                    /usr/lib/jvm/java-7-openjdk-amd64/jre/lib/amd64/libverify.so
7fb41b2e9000-7fb41b2f0000 r-xp 00000000 fe:00 2594                       /lib/x86_64-linux-gnu/librt-2.13.so
7fb41b2f0000-7fb41b4ef000 ---p 00007000 fe:00 2594                       /lib/x86_64-linux-gnu/librt-2.13.so
7fb41b4ef000-7fb41b4f0000 r--p 00006000 fe:00 2594                       /lib/x86_64-linux-gnu/librt-2.13.so
7fb41b4f0000-7fb41b4f1000 rw-p 00007000 fe:00 2594                       /lib/x86_64-linux-gnu/librt-2.13.so
7fb41b4f1000-7fb41b506000 r-xp 00000000 fe:00 15                         /lib/x86_64-linux-gnu/libgcc_s.so.1
7fb41b506000-7fb41b706000 ---p 00015000 fe:00 15                         /lib/x86_64-linux-gnu/libgcc_s.so.1
7fb41b706000-7fb41b707000 rw-p 00015000 fe:00 15                         /lib/x86_64-linux-gnu/libgcc_s.so.1
7fb41b707000-7fb41b788000 r-xp 00000000 fe:00 2596                       /lib/x86_64-linux-gnu/libm-2.13.so
7fb41b788000-7fb41b987000 ---p 00081000 fe:00 2596                       /lib/x86_64-linux-gnu/libm-2.13.so
7fb41b987000-7fb41b988000 r--p 00080000 fe:00 2596                       /lib/x86_64-linux-gnu/libm-2.13.so
7fb41b988000-7fb41b989000 rw-p 00081000 fe:00 2596                       /lib/x86_64-linux-gnu/libm-2.13.so
7fb41b989000-7fb41ba71000 r-xp 00000000 fe:05 3932165                    /usr/lib/x86_64-linux-gnu/libstdc++.so.6.0.17
7fb41ba71000-7fb41bc71000 ---p 000e8000 fe:05 3932165                    /usr/lib/x86_64-linux-gnu/libstdc++.so.6.0.17
7fb41bc71000-7fb41bc79000 r--p 000e8000 fe:05 3932165                    /usr/lib/x86_64-linux-gnu/libstdc++.so.6.0.17
7fb41bc79000-7fb41bc7b000 rw-p 000f0000 fe:05 3932165                    /usr/lib/x86_64-linux-gnu/libstdc++.so.6.0.17
7fb41bc7b000-7fb41bc90000 rw-p 00000000 00:00 0 
7fb41bc90000-7fb41c681000 r-xp 00000000 fe:05 3981338                    /usr/lib/jvm/java-7-openjdk-amd64/jre/lib/amd64/server/libjvm.so
7fb41c681000-7fb41c881000 ---p 009f1000 fe:05 3981338                    /usr/lib/jvm/java-7-openjdk-amd64/jre/lib/amd64/server/libjvm.so
7fb41c881000-7fb41c900000 r--p 009f1000 fe:05 3981338                    /usr/lib/jvm/java-7-openjdk-amd64/jre/lib/amd64/server/libjvm.so
7fb41c900000-7fb41c923000 rw-p 00a70000 fe:05 3981338                    /usr/lib/jvm/java-7-openjdk-amd64/jre/lib/amd64/server/libjvm.so
7fb41c923000-7fb41c94e000 rw-p 00000000 00:00 0 
7fb41c94e000-7fb41cace000 r-xp 00000000 fe:00 2599                       /lib/x86_64-linux-gnu/libc-2.13.so
7fb41cace000-7fb41ccce000 ---p 00180000 fe:00 2599                       /lib/x86_64-linux-gnu/libc-2.13.so
7fb41ccce000-7fb41ccd2000 r--p 00180000 fe:00 2599                       /lib/x86_64-linux-gnu/libc-2.13.so
7fb41ccd2000-7fb41ccd3000 rw-p 00184000 fe:00 2599                       /lib/x86_64-linux-gnu/libc-2.13.so
7fb41ccd3000-7fb41ccd8000 rw-p 00000000 00:00 0 
7fb41ccd8000-7fb41ccda000 r-xp 00000000 fe:00 2592                       /lib/x86_64-linux-gnu/libdl-2.13.so
7fb41ccda000-7fb41ceda000 ---p 00002000 fe:00 2592                       /lib/x86_64-linux-gnu/libdl-2.13.so
7fb41ceda000-7fb41cedb000 r--p 00002000 fe:00 2592                       /lib/x86_64-linux-gnu/libdl-2.13.so
7fb41cedb000-7fb41cedc000 rw-p 00003000 fe:00 2592                       /lib/x86_64-linux-gnu/libdl-2.13.so
7fb41cedc000-7fb41cef2000 r-xp 00000000 fe:00 101                        /lib/x86_64-linux-gnu/libz.so.1.2.7
7fb41cef2000-7fb41d0f1000 ---p 00016000 fe:00 101                        /lib/x86_64-linux-gnu/libz.so.1.2.7
7fb41d0f1000-7fb41d0f2000 r--p 00015000 fe:00 101                        /lib/x86_64-linux-gnu/libz.so.1.2.7
7fb41d0f2000-7fb41d0f3000 rw-p 00016000 fe:00 101                        /lib/x86_64-linux-gnu/libz.so.1.2.7
7fb41d0f3000-7fb41d100000 r-xp 00000000 fe:05 3989590                    /usr/lib/jvm/java-7-openjdk-amd64/jre/lib/amd64/jli/libjli.so
7fb41d100000-7fb41d2ff000 ---p 0000d000 fe:05 3989590                    /usr/lib/jvm/java-7-openjdk-amd64/jre/lib/amd64/jli/libjli.so
7fb41d2ff000-7fb41d300000 r--p 0000c000 fe:05 3989590                    /usr/lib/jvm/java-7-openjdk-amd64/jre/lib/amd64/jli/libjli.so
7fb41d300000-7fb41d301000 rw-p 0000d000 fe:05 3989590                    /usr/lib/jvm/java-7-openjdk-amd64/jre/lib/amd64/jli/libjli.so
7fb41d301000-7fb41d318000 r-xp 00000000 fe:00 2589                       /lib/x86_64-linux-gnu/libpthread-2.13.so
7fb41d318000-7fb41d517000 ---p 00017000 fe:00 2589                       /lib/x86_64-linux-gnu/libpthread-2.13.so
7fb41d517000-7fb41d518000 r--p 00016000 fe:00 2589                       /lib/x86_64-linux-gnu/libpthread-2.13.so
7fb41d518000-7fb41d519000 rw-p 00017000 fe:00 2589                       /lib/x86_64-linux-gnu/libpthread-2.13.so
7fb41d519000-7fb41d51d000 rw-p 00000000 00:00 0 
7fb41d51d000-7fb41d53d000 r-xp 00000000 fe:00 2602                       /lib/x86_64-linux-gnu/ld-2.13.so
7fb41d55a000-7fb41d564000 rw-p 00000000 00:00 0 
7fb41d564000-7fb41d61a000 rw-p 00000000 00:00 0 
7fb41d61a000-7fb41d61d000 ---p 00000000 00:00 0 
7fb41d61d000-7fb41d720000 rw-p 00000000 00:00 0 
7fb41d72e000-7fb41d730000 rw-p 00000000 00:00 0 
7fb41d730000-7fb41d738000 rw-s 00000000 fe:01 105875                     /tmp/hsperfdata_bp4553/7258
7fb41d738000-7fb41d739000 rw-p 00000000 00:00 0 
7fb41d739000-7fb41d73a000 r--p 00000000 00:00 0 
7fb41d73a000-7fb41d73c000 rw-p 00000000 00:00 0 
7fb41d73c000-7fb41d73d000 r--p 0001f000 fe:00 2602                       /lib/x86_64-linux-gnu/ld-2.13.so
7fb41d73d000-7fb41d73e000 rw-p 00020000 fe:00 2602                       /lib/x86_64-linux-gnu/ld-2.13.so
7fb41d73e000-7fb41d73f000 rw-p 00000000 00:00 0 
7fff359b8000-7fff359d9000 rw-p 00000000 00:00 0                          [stack]
7fff359ff000-7fff35a00000 r-xp 00000000 00:00 0                          [vdso]
ffffffffff600000-ffffffffff601000 r-xp 00000000 00:00 0                  [vsyscall]

VM Arguments:
jvm_args: -Dfile.encoding=UTF-8 
java_command: de.hswt.swa.jni.JNITest
Launcher Type: SUN_STANDARD

Environment Variables:
PATH=/usr/local/bin:/usr/bin:/bin:/usr/bin/X11:/usr/games
LD_LIBRARY_PATH=/usr/lib/nx/X11/Xinerama:/usr/lib/nx/X11
SHELL=/bin/bash
DISPLAY=:79.0

Signal Handlers:
SIGSEGV: [libjvm.so+0x84ff00], sa_mask[0]=0x7ffbfeff, sa_flags=0x10000004
SIGBUS: [libjvm.so+0x84ff00], sa_mask[0]=0x7ffbfeff, sa_flags=0x10000004
SIGFPE: [libjvm.so+0x6f2230], sa_mask[0]=0x7ffbfeff, sa_flags=0x10000004
SIGPIPE: [libjvm.so+0x6f2230], sa_mask[0]=0x7ffbfeff, sa_flags=0x10000004
SIGXFSZ: [libjvm.so+0x6f2230], sa_mask[0]=0x7ffbfeff, sa_flags=0x10000004
SIGILL: [libjvm.so+0x6f2230], sa_mask[0]=0x7ffbfeff, sa_flags=0x10000004
SIGUSR1: SIG_DFL, sa_mask[0]=0x00000000, sa_flags=0x00000000
SIGUSR2: [libjvm.so+0x6f2600], sa_mask[0]=0x00000004, sa_flags=0x10000004
SIGHUP: [libjvm.so+0x6f2740], sa_mask[0]=0x7ffbfeff, sa_flags=0x10000004
SIGINT: [libjvm.so+0x6f2740], sa_mask[0]=0x7ffbfeff, sa_flags=0x10000004
SIGTERM: [libjvm.so+0x6f2740], sa_mask[0]=0x7ffbfeff, sa_flags=0x10000004
SIGQUIT: [libjvm.so+0x6f2740], sa_mask[0]=0x7ffbfeff, sa_flags=0x10000004


---------------  S Y S T E M  ---------------

OS:7.2

uname:Linux 3.2.0-4-amd64 #1 SMP Debian 3.2.51-1 x86_64
libc:glibc 2.13 NPTL 2.13 
rlimit: STACK 8192k, CORE 0k, NPROC 581066, NOFILE 4096, AS infinity
load average:1,39 1,56 1,56

/proc/meminfo:
MemTotal:       74381500 kB
MemFree:        54497956 kB
Buffers:         1357412 kB
Cached:          7848384 kB
SwapCached:            0 kB
Active:         13667396 kB
Inactive:        4494148 kB
Active(anon):    8955648 kB
Inactive(anon):   118732 kB
Active(file):    4711748 kB
Inactive(file):  4375416 kB
Unevictable:           0 kB
Mlocked:               0 kB
SwapTotal:             0 kB
SwapFree:              0 kB
Dirty:               460 kB
Writeback:             0 kB
AnonPages:       8955772 kB
Mapped:           426384 kB
Shmem:            118972 kB
Slab:            1271252 kB
SReclaimable:    1176976 kB
SUnreclaim:        94276 kB
KernelStack:       15736 kB
PageTables:       180036 kB
NFS_Unstable:          0 kB
Bounce:                0 kB
WritebackTmp:          0 kB
CommitLimit:    37190748 kB
Committed_AS:   24803636 kB
VmallocTotal:   34359738367 kB
VmallocUsed:      230856 kB
VmallocChunk:   34321757564 kB
HardwareCorrupted:     0 kB
AnonHugePages:         0 kB
HugePages_Total:       0
HugePages_Free:        0
HugePages_Rsvd:        0
HugePages_Surp:        0
Hugepagesize:       2048 kB
DirectMap4k:       81664 kB
DirectMap2M:    75407360 kB


CPU:total 16 (4 cores per cpu, 2 threads per core) family 6 model 26 stepping 5, cmov, cx8, fxsr, mmx, sse, sse2, sse3, ssse3, sse4.1, sse4.2, popcnt, ht, tsc, tscinvbit, tscinv

/proc/cpuinfo:
processor	: 0
vendor_id	: GenuineIntel
cpu family	: 6
model		: 26
model name	: Intel(R) Xeon(R) CPU           E5540  @ 2.53GHz
stepping	: 5
microcode	: 0x11
cpu MHz		: 1596.000
cache size	: 8192 KB
physical id	: 0
siblings	: 8
core id		: 0
cpu cores	: 4
apicid		: 0
initial apicid	: 0
fpu		: yes
fpu_exception	: yes
cpuid level	: 11
wp		: yes
flags		: fpu vme de pse tsc msr pae mce cx8 apic sep mtrr pge mca cmov pat pse36 clflush dts acpi mmx fxsr sse sse2 ss ht tm pbe syscall nx rdtscp lm constant_tsc arch_perfmon pebs bts rep_good nopl xtopology nonstop_tsc aperfmperf pni dtes64 monitor ds_cpl vmx est tm2 ssse3 cx16 xtpr pdcm dca sse4_1 sse4_2 popcnt lahf_lm ida dtherm tpr_shadow vnmi flexpriority ept vpid
bogomips	: 5066.12
clflush size	: 64
cache_alignment	: 64
address sizes	: 40 bits physical, 48 bits virtual
power management:

processor	: 1
vendor_id	: GenuineIntel
cpu family	: 6
model		: 26
model name	: Intel(R) Xeon(R) CPU           E5540  @ 2.53GHz
stepping	: 5
microcode	: 0x11
cpu MHz		: 1596.000
cache size	: 8192 KB
physical id	: 0
siblings	: 8
core id		: 1
cpu cores	: 4
apicid		: 2
initial apicid	: 2
fpu		: yes
fpu_exception	: yes
cpuid level	: 11
wp		: yes
flags		: fpu vme de pse tsc msr pae mce cx8 apic sep mtrr pge mca cmov pat pse36 clflush dts acpi mmx fxsr sse sse2 ss ht tm pbe syscall nx rdtscp lm constant_tsc arch_perfmon pebs bts rep_good nopl xtopology nonstop_tsc aperfmperf pni dtes64 monitor ds_cpl vmx est tm2 ssse3 cx16 xtpr pdcm dca sse4_1 sse4_2 popcnt lahf_lm ida dtherm tpr_shadow vnmi flexpriority ept vpid
bogomips	: 5066.65
clflush size	: 64
cache_alignment	: 64
address sizes	: 40 bits physical, 48 bits virtual
power management:

processor	: 2
vendor_id	: GenuineIntel
cpu family	: 6
model		: 26
model name	: Intel(R) Xeon(R) CPU           E5540  @ 2.53GHz
stepping	: 5
microcode	: 0x11
cpu MHz		: 1596.000
cache size	: 8192 KB
physical id	: 0
siblings	: 8
core id		: 2
cpu cores	: 4
apicid		: 4
initial apicid	: 4
fpu		: yes
fpu_exception	: yes
cpuid level	: 11
wp		: yes
flags		: fpu vme de pse tsc msr pae mce cx8 apic sep mtrr pge mca cmov pat pse36 clflush dts acpi mmx fxsr sse sse2 ss ht tm pbe syscall nx rdtscp lm constant_tsc arch_perfmon pebs bts rep_good nopl xtopology nonstop_tsc aperfmperf pni dtes64 monitor ds_cpl vmx est tm2 ssse3 cx16 xtpr pdcm dca sse4_1 sse4_2 popcnt lahf_lm ida dtherm tpr_shadow vnmi flexpriority ept vpid
bogomips	: 5066.66
clflush size	: 64
cache_alignment	: 64
address sizes	: 40 bits physical, 48 bits virtual
power management:

processor	: 3
vendor_id	: GenuineIntel
cpu family	: 6
model		: 26
model name	: Intel(R) Xeon(R) CPU           E5540  @ 2.53GHz
stepping	: 5
microcode	: 0x11
cpu MHz		: 1596.000
cache size	: 8192 KB
physical id	: 0
siblings	: 8
core id		: 3
cpu cores	: 4
apicid		: 6
initial apicid	: 6
fpu		: yes
fpu_exception	: yes
cpuid level	: 11
wp		: yes
flags		: fpu vme de pse tsc msr pae mce cx8 apic sep mtrr pge mca cmov pat pse36 clflush dts acpi mmx fxsr sse sse2 ss ht tm pbe syscall nx rdtscp lm constant_tsc arch_perfmon pebs bts rep_good nopl xtopology nonstop_tsc aperfmperf pni dtes64 monitor ds_cpl vmx est tm2 ssse3 cx16 xtpr pdcm dca sse4_1 sse4_2 popcnt lahf_lm ida dtherm tpr_shadow vnmi flexpriority ept vpid
bogomips	: 5066.66
clflush size	: 64
cache_alignment	: 64
address sizes	: 40 bits physical, 48 bits virtual
power management:

processor	: 4
vendor_id	: GenuineIntel
cpu family	: 6
model		: 26
model name	: Intel(R) Xeon(R) CPU           E5540  @ 2.53GHz
stepping	: 5
microcode	: 0x11
cpu MHz		: 2528.000
cache size	: 8192 KB
physical id	: 1
siblings	: 8
core id		: 0
cpu cores	: 4
apicid		: 16
initial apicid	: 16
fpu		: yes
fpu_exception	: yes
cpuid level	: 11
wp		: yes
flags		: fpu vme de pse tsc msr pae mce cx8 apic sep mtrr pge mca cmov pat pse36 clflush dts acpi mmx fxsr sse sse2 ss ht tm pbe syscall nx rdtscp lm constant_tsc arch_perfmon pebs bts rep_good nopl xtopology nonstop_tsc aperfmperf pni dtes64 monitor ds_cpl vmx est tm2 ssse3 cx16 xtpr pdcm dca sse4_1 sse4_2 popcnt lahf_lm ida dtherm tpr_shadow vnmi flexpriority ept vpid
bogomips	: 5066.70
clflush size	: 64
cache_alignment	: 64
address sizes	: 40 bits physical, 48 bits virtual
power management:

processor	: 5
vendor_id	: GenuineIntel
cpu family	: 6
model		: 26
model name	: Intel(R) Xeon(R) CPU           E5540  @ 2.53GHz
stepping	: 5
microcode	: 0x11
cpu MHz		: 1596.000
cache size	: 8192 KB
physical id	: 1
siblings	: 8
core id		: 1
cpu cores	: 4
apicid		: 18
initial apicid	: 18
fpu		: yes
fpu_exception	: yes
cpuid level	: 11
wp		: yes
flags		: fpu vme de pse tsc msr pae mce cx8 apic sep mtrr pge mca cmov pat pse36 clflush dts acpi mmx fxsr sse sse2 ss ht tm pbe syscall nx rdtscp lm constant_tsc arch_perfmon pebs bts rep_good nopl xtopology nonstop_tsc aperfmperf pni dtes64 monitor ds_cpl vmx est tm2 ssse3 cx16 xtpr pdcm dca sse4_1 sse4_2 popcnt lahf_lm ida dtherm tpr_shadow vnmi flexpriority ept vpid
bogomips	: 5066.70
clflush size	: 64
cache_alignment	: 64
address sizes	: 40 bits physical, 48 bits virtual
power management:

processor	: 6
vendor_id	: GenuineIntel
cpu family	: 6
model		: 26
model name	: Intel(R) Xeon(R) CPU           E5540  @ 2.53GHz
stepping	: 5
microcode	: 0x11
cpu MHz		: 1596.000
cache size	: 8192 KB
physical id	: 1
siblings	: 8
core id		: 2
cpu cores	: 4
apicid		: 20
initial apicid	: 20
fpu		: yes
fpu_exception	: yes
cpuid level	: 11
wp		: yes
flags		: fpu vme de pse tsc msr pae mce cx8 apic sep mtrr pge mca cmov pat pse36 clflush dts acpi mmx fxsr sse sse2 ss ht tm pbe syscall nx rdtscp lm constant_tsc arch_perfmon pebs bts rep_good nopl xtopology nonstop_tsc aperfmperf pni dtes64 monitor ds_cpl vmx est tm2 ssse3 cx16 xtpr pdcm dca sse4_1 sse4_2 popcnt lahf_lm ida dtherm tpr_shadow vnmi flexpriority ept vpid
bogomips	: 5066.70
clflush size	: 64
cache_alignment	: 64
address sizes	: 40 bits physical, 48 bits virtual
power management:

processor	: 7
vendor_id	: GenuineIntel
cpu family	: 6
model		: 26
model name	: Intel(R) Xeon(R) CPU           E5540  @ 2.53GHz
stepping	: 5
microcode	: 0x11
cpu MHz		: 1596.000
cache size	: 8192 KB
physical id	: 1
siblings	: 8
core id		: 3
cpu cores	: 4
apicid		: 22
initial apicid	: 22
fpu		: yes
fpu_exception	: yes
cpuid level	: 11
wp		: yes
flags		: fpu vme de pse tsc msr pae mce cx8 apic sep mtrr pge mca cmov pat pse36 clflush dts acpi mmx fxsr sse sse2 ss ht tm pbe syscall nx rdtscp lm constant_tsc arch_perfmon pebs bts rep_good nopl xtopology nonstop_tsc aperfmperf pni dtes64 monitor ds_cpl vmx est tm2 ssse3 cx16 xtpr pdcm dca sse4_1 sse4_2 popcnt lahf_lm ida dtherm tpr_shadow vnmi flexpriority ept vpid
bogomips	: 5066.71
clflush size	: 64
cache_alignment	: 64
address sizes	: 40 bits physical, 48 bits virtual
power management:

processor	: 8
vendor_id	: GenuineIntel
cpu family	: 6
model		: 26
model name	: Intel(R) Xeon(R) CPU           E5540  @ 2.53GHz
stepping	: 5
microcode	: 0x11
cpu MHz		: 1596.000
cache size	: 8192 KB
physical id	: 0
siblings	: 8
core id		: 0
cpu cores	: 4
apicid		: 1
initial apicid	: 1
fpu		: yes
fpu_exception	: yes
cpuid level	: 11
wp		: yes
flags		: fpu vme de pse tsc msr pae mce cx8 apic sep mtrr pge mca cmov pat pse36 clflush dts acpi mmx fxsr sse sse2 ss ht tm pbe syscall nx rdtscp lm constant_tsc arch_perfmon pebs bts rep_good nopl xtopology nonstop_tsc aperfmperf pni dtes64 monitor ds_cpl vmx est tm2 ssse3 cx16 xtpr pdcm dca sse4_1 sse4_2 popcnt lahf_lm ida dtherm tpr_shadow vnmi flexpriority ept vpid
bogomips	: 5066.70
clflush size	: 64
cache_alignment	: 64
address sizes	: 40 bits physical, 48 bits virtual
power management:

processor	: 9
vendor_id	: GenuineIntel
cpu family	: 6
model		: 26
model name	: Intel(R) Xeon(R) CPU           E5540  @ 2.53GHz
stepping	: 5
microcode	: 0x11
cpu MHz		: 2528.000
cache size	: 8192 KB
physical id	: 0
siblings	: 8
core id		: 1
cpu cores	: 4
apicid		: 3
initial apicid	: 3
fpu		: yes
fpu_exception	: yes
cpuid level	: 11
wp		: yes
flags		: fpu vme de pse tsc msr pae mce cx8 apic sep mtrr pge mca cmov pat pse36 clflush dts acpi mmx fxsr sse sse2 ss ht tm pbe syscall nx rdtscp lm constant_tsc arch_perfmon pebs bts rep_good nopl xtopology nonstop_tsc aperfmperf pni dtes64 monitor ds_cpl vmx est tm2 ssse3 cx16 xtpr pdcm dca sse4_1 sse4_2 popcnt lahf_lm ida dtherm tpr_shadow vnmi flexpriority ept vpid
bogomips	: 5066.70
clflush size	: 64
cache_alignment	: 64
address sizes	: 40 bits physical, 48 bits virtual
power management:

processor	: 10
vendor_id	: GenuineIntel
cpu family	: 6
model		: 26
model name	: Intel(R) Xeon(R) CPU           E5540  @ 2.53GHz
stepping	: 5
microcode	: 0x11
cpu MHz		: 1596.000
cache size	: 8192 KB
physical id	: 0
siblings	: 8
core id		: 2
cpu cores	: 4
apicid		: 5
initial apicid	: 5
fpu		: yes
fpu_exception	: yes
cpuid level	: 11
wp		: yes
flags		: fpu vme de pse tsc msr pae mce cx8 apic sep mtrr pge mca cmov pat pse36 clflush dts acpi mmx fxsr sse sse2 ss ht tm pbe syscall nx rdtscp lm constant_tsc arch_perfmon pebs bts rep_good nopl xtopology nonstop_tsc aperfmperf pni dtes64 monitor ds_cpl vmx est tm2 ssse3 cx16 xtpr pdcm dca sse4_1 sse4_2 popcnt lahf_lm ida dtherm tpr_shadow vnmi flexpriority ept vpid
bogomips	: 5066.73
clflush size	: 64
cache_alignment	: 64
address sizes	: 40 bits physical, 48 bits virtual
power management:

processor	: 11
vendor_id	: GenuineIntel
cpu family	: 6
model		: 26
model name	: Intel(R) Xeon(R) CPU           E5540  @ 2.53GHz
stepping	: 5
microcode	: 0x11
cpu MHz		: 1596.000
cache size	: 8192 KB
physical id	: 0
siblings	: 8
core id		: 3
cpu cores	: 4
apicid		: 7
initial apicid	: 7
fpu		: yes
fpu_exception	: yes
cpuid level	: 11
wp		: yes
flags		: fpu vme de pse tsc msr pae mce cx8 apic sep mtrr pge mca cmov pat pse36 clflush dts acpi mmx fxsr sse sse2 ss ht tm pbe syscall nx rdtscp lm constant_tsc arch_perfmon pebs bts rep_good nopl xtopology nonstop_tsc aperfmperf pni dtes64 monitor ds_cpl vmx est tm2 ssse3 cx16 xtpr pdcm dca sse4_1 sse4_2 popcnt lahf_lm ida dtherm tpr_shadow vnmi flexpriority ept vpid
bogomips	: 5066.72
clflush size	: 64
cache_alignment	: 64
address sizes	: 40 bits physical, 48 bits virtual
power management:

processor	: 12
vendor_id	: GenuineIntel
cpu family	: 6
model		: 26
model name	: Intel(R) Xeon(R) CPU           E5540  @ 2.53GHz
stepping	: 5
microcode	: 0x11
cpu MHz		: 1596.000
cache size	: 8192 KB
physical id	: 1
siblings	: 8
core id		: 0
cpu cores	: 4
apicid		: 17
initial apicid	: 17
fpu		: yes
fpu_exception	: yes
cpuid level	: 11
wp		: yes
flags		: fpu vme de pse tsc msr pae mce cx8 apic sep mtrr pge mca cmov pat pse36 clflush dts acpi mmx fxsr sse sse2 ss ht tm pbe syscall nx rdtscp lm constant_tsc arch_perfmon pebs bts rep_good nopl xtopology nonstop_tsc aperfmperf pni dtes64 monitor ds_cpl vmx est tm2 ssse3 cx16 xtpr pdcm dca sse4_1 sse4_2 popcnt lahf_lm ida dtherm tpr_shadow vnmi flexpriority ept vpid
bogomips	: 5066.67
clflush size	: 64
cache_alignment	: 64
address sizes	: 40 bits physical, 48 bits virtual
power management:

processor	: 13
vendor_id	: GenuineIntel
cpu family	: 6
model		: 26
model name	: Intel(R) Xeon(R) CPU           E5540  @ 2.53GHz
stepping	: 5
microcode	: 0x11
cpu MHz		: 1596.000
cache size	: 8192 KB
physical id	: 1
siblings	: 8
core id		: 1
cpu cores	: 4
apicid		: 19
initial apicid	: 19
fpu		: yes
fpu_exception	: yes
cpuid level	: 11
wp		: yes
flags		: fpu vme de pse tsc msr pae mce cx8 apic sep mtrr pge mca cmov pat pse36 clflush dts acpi mmx fxsr sse sse2 ss ht tm pbe syscall nx rdtscp lm constant_tsc arch_perfmon pebs bts rep_good nopl xtopology nonstop_tsc aperfmperf pni dtes64 monitor ds_cpl vmx est tm2 ssse3 cx16 xtpr pdcm dca sse4_1 sse4_2 popcnt lahf_lm ida dtherm tpr_shadow vnmi flexpriority ept vpid
bogomips	: 5066.71
clflush size	: 64
cache_alignment	: 64
address sizes	: 40 bits physical, 48 bits virtual
power management:

processor	: 14
vendor_id	: GenuineIntel
cpu family	: 6
model		: 26
model name	: Intel(R) Xeon(R) CPU           E5540  @ 2.53GHz
stepping	: 5
microcode	: 0x11
cpu MHz		: 1596.000
cache size	: 8192 KB
physical id	: 1
siblings	: 8
core id		: 2
cpu cores	: 4
apicid		: 21
initial apicid	: 21
fpu		: yes
fpu_exception	: yes
cpuid level	: 11
wp		: yes
flags		: fpu vme de pse tsc msr pae mce cx8 apic sep mtrr pge mca cmov pat pse36 clflush dts acpi mmx fxsr sse sse2 ss ht tm pbe syscall nx rdtscp lm constant_tsc arch_perfmon pebs bts rep_good nopl xtopology nonstop_tsc aperfmperf pni dtes64 monitor ds_cpl vmx est tm2 ssse3 cx16 xtpr pdcm dca sse4_1 sse4_2 popcnt lahf_lm ida dtherm tpr_shadow vnmi flexpriority ept vpid
bogomips	: 5066.69
clflush size	: 64
cache_alignment	: 64
address sizes	: 40 bits physical, 48 bits virtual
power management:

processor	: 15
vendor_id	: GenuineIntel
cpu family	: 6
model		: 26
model name	: Intel(R) Xeon(R) CPU           E5540  @ 2.53GHz
stepping	: 5
microcode	: 0x11
cpu MHz		: 2528.000
cache size	: 8192 KB
physical id	: 1
siblings	: 8
core id		: 3
cpu cores	: 4
apicid		: 23
initial apicid	: 23
fpu		: yes
fpu_exception	: yes
cpuid level	: 11
wp		: yes
flags		: fpu vme de pse tsc msr pae mce cx8 apic sep mtrr pge mca cmov pat pse36 clflush dts acpi mmx fxsr sse sse2 ss ht tm pbe syscall nx rdtscp lm constant_tsc arch_perfmon pebs bts rep_good nopl xtopology nonstop_tsc aperfmperf pni dtes64 monitor ds_cpl vmx est tm2 ssse3 cx16 xtpr pdcm dca sse4_1 sse4_2 popcnt lahf_lm ida dtherm tpr_shadow vnmi flexpriority ept vpid
bogomips	: 5066.73
clflush size	: 64
cache_alignment	: 64
address sizes	: 40 bits physical, 48 bits virtual
power management:



Memory: 4k page, physical 74381500k(54497956k free), swap 0k(0k free)

vm_info: OpenJDK 64-Bit Server VM (23.7-b01) for linux-amd64 JRE (1.7.0_25-b30), built on Jul  3 2013 10:28:26 by "jmm" with gcc 4.7.2

time: Mon Nov  4 14:21:06 2013
elapsed time: 0 seconds

