#
# A fatal error has been detected by the Java Runtime Environment:
#
#  SIGSEGV (0xb) at pc=0x00007fb9c04f6156, pid=8354, tid=140435794458368
#
# JRE version: 7.0_25-b30
# Java VM: OpenJDK 64-Bit Server VM (23.7-b01 mixed mode linux-amd64 compressed oops)
# Problematic frame:
# V  [libjvm.so+0x539156]  jni_GetStringUTFChars+0x76
#
# Failed to write core dump. Core dumps have been disabled. To enable core dumping, try "ulimit -c unlimited" before starting Java again
#
# If you would like to submit a bug report, please include
# instructions on how to reproduce the bug and visit:
#   http://icedtea.classpath.org/bugzilla
#

---------------  T H R E A D  ---------------

Current thread (0x00000000016b9000):  JavaThread "main" [_thread_in_vm, id=8362, stack(0x00007fb9c1947000,0x00007fb9c1a48000)]

siginfo:si_signo=SIGSEGV: si_errno=0, si_code=1 (SEGV_MAPERR), si_addr=0x0000000000000000

Registers:
RAX=0x0000000000000000, RBX=0x00000000016b9000, RCX=0x00000000016b91d8, RDX=0x00007fb9c0c5be80
RSP=0x00007fb9c1a46850, RBP=0x00007fb9c1a468b0, RSI=0x0000000000000006, RDI=0x00000000016b9000
R8 =0x0000000000000001, R9 =0x00000000ffffffff, R10=0x0000000000000000, R11=0x00007fb98289385e
R12=0x0000000000000000, R13=0x0000000386cb5a40, R14=0x00007fb9c1a46998, R15=0x0000000000000000
RIP=0x00007fb9c04f6156, EFLAGS=0x0000000000010246, CSGSFS=0x0000000000000033, ERR=0x0000000000000004
  TRAPNO=0x000000000000000e

Top of Stack: (sp=0x00007fb9c1a46850)
0x00007fb9c1a46850:   0000000000000005 0000000000000000
0x00007fb9c1a46860:   00000000016b9000 0000000000000000
0x00007fb9c1a46870:   00007fb9c1a469e8 0000000386cb5a40
0x00007fb9c1a46880:   00007fb9c1a46920 0000000386cb5a40
0x00007fb9c1a46890:   0000000000000000 0000000386cb5a40
0x00007fb9c1a468a0:   00007fb9c1a46998 00000000016b9000
0x00007fb9c1a468b0:   00007fb9c1a468e0 00007fb982893891
0x00007fb9c1a468c0:   00000000016b91d8 0000000000000000
0x00007fb9c1a468d0:   0000000000000000 00000000016b91d8
0x00007fb9c1a468e0:   00007fb9c1a46920 00007fb982893838
0x00007fb9c1a468f0:   0000000386cb5a40 0000000000000000
0x00007fb9c1a46900:   00007fb9c1a46988 00000000016b91d8
0x00007fb9c1a46910:   00007fb9c1a46978 00007fb9bb7a9e29
0x00007fb9c1a46920:   00007fb9c1a46978 00007fb9bb7a9f90
0x00007fb9c1a46930:   00007fb9bb79d410 00007fb9c1a46938
0x00007fb9c1a46940:   0000000386cb5a40 00007fb9c1a46998
0x00007fb9c1a46950:   0000000386cb5f18 0000000000000000
0x00007fb9c1a46960:   0000000386cb5a40 0000000000000000
0x00007fb9c1a46970:   00007fb9c1a46998 00007fb9c1a469e8
0x00007fb9c1a46980:   00007fb9bb79e2d4 0000000685b07010
0x00007fb9c1a46990:   00007fb9bb7a6dd6 0000000000000000
0x00007fb9c1a469a0:   0000000685aca678 00007fb9c1a469a8
0x00007fb9c1a469b0:   0000000386cb5c1e 00007fb9c1a469f8
0x00007fb9c1a469c0:   0000000386cb5f18 0000000000000000
0x00007fb9c1a469d0:   0000000386cb5c48 00007fb9c1a46998
0x00007fb9c1a469e0:   00007fb9c1a469f8 00007fb9c1a46a60
0x00007fb9c1a469f0:   00007fb9bb7984f7 0000000685b07768
0x00007fb9c1a46a00:   00007fb900001fa0 0000000000000000
0x00007fb9c1a46a10:   00007fb9c1a46cb0 00007fb9c1a46bd0
0x00007fb9c1a46a20:   00000000016b9000 00000000016b9bd0
0x00007fb9c1a46a30:   00007fb9c1a46ac0 00007fb9c1a46cb8
0x00007fb9c1a46a40:   000000000000000a 0000000386cb5c48 

Instructions: (pc=0x00007fb9c04f6156)
0x00007fb9c04f6136:   e6 d6 00 00 48 83 7b 08 00 48 89 5d b0 48 c7 45
0x00007fb9c04f6146:   b8 00 00 00 00 74 09 48 8d 7d b0 e8 da 65 20 00
0x00007fb9c04f6156:   4d 8b 2c 24 4c 89 ef e8 ee 01 ff ff 41 89 c6 48
0x00007fb9c04f6166:   98 48 83 c0 01 48 89 c7 48 89 45 a8 e8 19 77 1b 

Register to memory mapping:

RAX=0x0000000000000000 is an unknown value
RBX=0x00000000016b9000 is a thread
RCX=0x00000000016b91d8 is an unknown value
RDX=0x00007fb9c0c5be80: <offset 0xc9ee80> in /usr/lib/jvm/java-7-openjdk-amd64/jre/lib/amd64/server/libjvm.so at 0x00007fb9bffbd000
RSP=0x00007fb9c1a46850 is pointing into the stack for thread: 0x00000000016b9000
RBP=0x00007fb9c1a468b0 is pointing into the stack for thread: 0x00000000016b9000
RSI=0x0000000000000006 is an unknown value
RDI=0x00000000016b9000 is a thread
R8 =0x0000000000000001 is an unknown value
R9 =0x00000000ffffffff is an unknown value
R10=0x0000000000000000 is an unknown value
R11=0x00007fb98289385e: _ZN7JNIEnv_17GetStringUTFCharsEP8_jstringPh+0 in /home/bp4553/workspace/SoftwareArchitekturen/libnative.so at 0x00007fb982893000
R12=0x0000000000000000 is an unknown value
R13=0x0000000386cb5a40 is an oop
{method} 
 - klass: {other class}
R14=0x00007fb9c1a46998 is pointing into the stack for thread: 0x00000000016b9000
R15=0x0000000000000000 is an unknown value


Stack: [0x00007fb9c1947000,0x00007fb9c1a48000],  sp=0x00007fb9c1a46850,  free space=1022k
Native frames: (J=compiled Java code, j=interpreted, Vv=VM code, C=native code)
V  [libjvm.so+0x539156]  jni_GetStringUTFChars+0x76
C  [libnative.so+0x891]  JNIEnv_::GetStringUTFChars(_jstring*, unsigned char*)+0x33
C  [libnative.so+0x838]  Java_de_hswt_swa_jni_JNITest_strlen+0x2c
j  de.hswt.swa.jni.JNITest.strlen(Ljava/lang/String;)I+0
j  de.hswt.swa.jni.JNITest.main([Ljava/lang/String;)V+30
v  ~StubRoutines::call_stub
V  [libjvm.so+0x527a8e]  JavaCalls::call_helper(JavaValue*, methodHandle*, JavaCallArguments*, Thread*)+0x32e
V  [libjvm.so+0x527535]  JavaCalls::call(JavaValue*, methodHandle, JavaCallArguments*, Thread*)+0x25
V  [libjvm.so+0x53d15c]  jni_invoke_static(JNIEnv_*, JavaValue*, _jobject*, JNICallType, _jmethodID*, JNI_ArgumentPusher*, Thread*) [clone .isra.123] [clone .constprop.147]+0xdc
V  [libjvm.so+0x53d7ba]  jni_CallStaticVoidMethod+0x12a
C  [libjli.so+0x31d1]  __strcat_chk+0x31d1

Java frames: (J=compiled Java code, j=interpreted, Vv=VM code)
j  de.hswt.swa.jni.JNITest.strlen(Ljava/lang/String;)I+0
j  de.hswt.swa.jni.JNITest.main([Ljava/lang/String;)V+30
v  ~StubRoutines::call_stub

---------------  P R O C E S S  ---------------

Java Threads: ( => current thread )
  0x00007fb9b000c000 JavaThread "Service Thread" daemon [_thread_blocked, id=8388, stack(0x00007fb982ba6000,0x00007fb982ca7000)]
  0x00007fb9b0009000 JavaThread "C2 CompilerThread1" daemon [_thread_blocked, id=8387, stack(0x00007fb982ca7000,0x00007fb982da8000)]
  0x00007fb9b0006000 JavaThread "C2 CompilerThread0" daemon [_thread_blocked, id=8386, stack(0x00007fb982da8000,0x00007fb982ea9000)]
  0x00000000017ce800 JavaThread "Signal Dispatcher" daemon [_thread_blocked, id=8385, stack(0x00007fb982ea9000,0x00007fb982faa000)]
  0x0000000001775000 JavaThread "Finalizer" daemon [_thread_blocked, id=8378, stack(0x00007fb983121000,0x00007fb983222000)]
  0x0000000001773000 JavaThread "Reference Handler" daemon [_thread_blocked, id=8377, stack(0x00007fb983222000,0x00007fb983323000)]
=>0x00000000016b9000 JavaThread "main" [_thread_in_vm, id=8362, stack(0x00007fb9c1947000,0x00007fb9c1a48000)]

Other Threads:
  0x000000000176a800 VMThread [stack: 0x00007fb983323000,0x00007fb983424000] [id=8376]
  0x00007fb9b0016800 WatcherThread [stack: 0x00007fb982aa5000,0x00007fb982ba6000] [id=8389]

VM state:not at safepoint (normal execution)

VM Mutex/Monitor currently owned by a thread: None

Heap
 PSYoungGen      total 339008K, used 5812K [0x0000000685ab0000, 0x000000069d500000, 0x0000000800000000)
  eden space 290624K, 2% used [0x0000000685ab0000,0x000000068605d258,0x0000000697680000)
  from space 48384K, 0% used [0x000000069a5c0000,0x000000069a5c0000,0x000000069d500000)
  to   space 48384K, 0% used [0x0000000697680000,0x0000000697680000,0x000000069a5c0000)
 ParOldGen       total 774848K, used 0K [0x0000000391000000, 0x00000003c04b0000, 0x0000000685ab0000)
  object space 774848K, 0% used [0x0000000391000000,0x0000000391000000,0x00000003c04b0000)
 PSPermGen       total 21248K, used 2778K [0x0000000386a00000, 0x0000000387ec0000, 0x0000000391000000)
  object space 21248K, 13% used [0x0000000386a00000,0x0000000386cb6908,0x0000000387ec0000)

Card table byte_map: [0x00007fb9b93cc000,0x00007fb9bb798000] byte_map_base: 0x00007fb9b7797000

Polling page: 0x00007fb9c1a66000

Code Cache  [0x00007fb9bb798000, 0x00007fb9bba08000, 0x00007fb9be798000)
 total_blobs=162 nmethods=0 adapters=130 free_code_cache=48776Kb largest_free_block=49946880

Compilation events (0 events):
No events

GC Heap History (0 events):
No events

Deoptimization events (0 events):
No events

Internal exceptions (5 events):
Event: 0,028 Thread 0x00000000016b9000 Threw 0x0000000685ab6140 at /home/jmm/scratch/jdk/openjdk-7-7u25-2.3.10/build/openjdk/hotspot/src/share/vm/prims/jni.cpp:3994
Event: 0,071 Thread 0x00000000016b9000 Threw 0x0000000685aff800 at /home/jmm/scratch/jdk/openjdk-7-7u25-2.3.10/build/openjdk/hotspot/src/share/vm/prims/jni.cpp:716
Event: 0,071 Thread 0x00000000016b9000 Threw 0x0000000685aff998 at /home/jmm/scratch/jdk/openjdk-7-7u25-2.3.10/build/openjdk/hotspot/src/share/vm/prims/jvm.cpp:1235
Event: 0,071 Thread 0x00000000016b9000 Threw 0x0000000685affac0 at /home/jmm/scratch/jdk/openjdk-7-7u25-2.3.10/build/openjdk/hotspot/src/share/vm/prims/jvm.cpp:1235
Event: 0,071 Thread 0x00000000016b9000 Threw 0x0000000685b026d0 at /home/jmm/scratch/jdk/openjdk-7-7u25-2.3.10/build/openjdk/hotspot/src/share/vm/prims/jvm.cpp:1235

Events (10 events):
Event: 0,074 loading class 0x00007fb9b007cbb0
Event: 0,074 loading class 0x00007fb9b007cbb0 done
Event: 0,074 loading class 0x00007fb9b006f810
Event: 0,074 loading class 0x00007fb9b006f810 done
Event: 0,074 loading class 0x00007fb9b006f840
Event: 0,074 loading class 0x00007fb9b006f840 done
Event: 0,074 loading class 0x000000000176cd60
Event: 0,075 loading class 0x000000000176cd60 done
Event: 0,075 loading class 0x000000000171f320
Event: 0,075 loading class 0x000000000171f320 done


Dynamic libraries:
00400000-00401000 r-xp 00000000 fe:05 3981373                            /usr/lib/jvm/java-7-openjdk-amd64/jre/bin/java
00600000-00601000 r--p 00000000 fe:05 3981373                            /usr/lib/jvm/java-7-openjdk-amd64/jre/bin/java
00601000-00602000 rw-p 00001000 fe:05 3981373                            /usr/lib/jvm/java-7-openjdk-amd64/jre/bin/java
016ad000-017eb000 rw-p 00000000 00:00 0                                  [heap]
386a00000-387ec0000 rw-p 00000000 00:00 0 
387ec0000-391000000 rw-p 00000000 00:00 0 
391000000-3c04b0000 rw-p 00000000 00:00 0 
3c04b0000-685ab0000 rw-p 00000000 00:00 0 
685ab0000-69d500000 rw-p 00000000 00:00 0 
69d500000-800000000 rw-p 00000000 00:00 0 
7fb982686000-7fb982893000 rw-p 00000000 00:00 0 
7fb982893000-7fb982894000 r-xp 00000000 fe:04 2547772                    /home/bp4553/workspace/SoftwareArchitekturen/libnative.so
7fb982894000-7fb982a93000 ---p 00001000 fe:04 2547772                    /home/bp4553/workspace/SoftwareArchitekturen/libnative.so
7fb982a93000-7fb982a94000 rw-p 00000000 fe:04 2547772                    /home/bp4553/workspace/SoftwareArchitekturen/libnative.so
7fb982a94000-7fb982a97000 r--s 0003c000 fe:05 3981406                    /usr/lib/jvm/java-7-openjdk-common/jre/lib/ext/sunpkcs11.jar
7fb982a97000-7fb982a98000 r--s 00002000 fe:05 3981414                    /usr/lib/jvm/java-7-openjdk-common/jre/lib/ext/dnsns.jar
7fb982a98000-7fb982a9b000 r--s 00032000 fe:05 3981412                    /usr/lib/jvm/java-7-openjdk-common/jre/lib/ext/sunjce_provider.jar
7fb982a9b000-7fb982a9f000 r--s 00085000 fe:05 3981410                    /usr/lib/jvm/java-7-openjdk-common/jre/lib/ext/localedata.jar
7fb982a9f000-7fb982aa2000 r--s 0000f000 fe:05 3981408                    /usr/lib/jvm/java-7-openjdk-common/jre/lib/ext/pulse-java.jar
7fb982aa2000-7fb982aa4000 r--s 00012000 fe:05 3981404                    /usr/lib/jvm/java-7-openjdk-common/jre/lib/ext/zipfs.jar
7fb982aa4000-7fb982aa5000 r--s 00007000 fe:05 1213521                    /usr/share/java/java-atk-wrapper.jar
7fb982aa5000-7fb982aa6000 ---p 00000000 00:00 0 
7fb982aa6000-7fb982ba6000 rw-p 00000000 00:00 0 
7fb982ba6000-7fb982ba9000 ---p 00000000 00:00 0 
7fb982ba9000-7fb982ca7000 rw-p 00000000 00:00 0 
7fb982ca7000-7fb982caa000 ---p 00000000 00:00 0 
7fb982caa000-7fb982da8000 rw-p 00000000 00:00 0 
7fb982da8000-7fb982dab000 ---p 00000000 00:00 0 
7fb982dab000-7fb982ea9000 rw-p 00000000 00:00 0 
7fb982ea9000-7fb982eac000 ---p 00000000 00:00 0 
7fb982eac000-7fb982faa000 rw-p 00000000 00:00 0 
7fb982faa000-7fb983121000 r--p 00000000 fe:05 3932308                    /usr/lib/locale/locale-archive
7fb983121000-7fb983124000 ---p 00000000 00:00 0 
7fb983124000-7fb983222000 rw-p 00000000 00:00 0 
7fb983222000-7fb983225000 ---p 00000000 00:00 0 
7fb983225000-7fb983323000 rw-p 00000000 00:00 0 
7fb983323000-7fb983324000 ---p 00000000 00:00 0 
7fb983324000-7fb9b0000000 rw-p 00000000 00:00 0 
7fb9b0000000-7fb9b0088000 rw-p 00000000 00:00 0 
7fb9b0088000-7fb9b4000000 ---p 00000000 00:00 0 
7fb9b408d000-7fb9b6cf1000 rw-p 00000000 00:00 0 
7fb9b6cf1000-7fb9b6e9e000 r--s 01cec000 fe:05 3981368                    /usr/lib/jvm/java-7-openjdk-amd64/jre/lib/rt.jar
7fb9b6e9e000-7fb9b6ec6000 rw-p 00000000 00:00 0 
7fb9b6ec6000-7fb9b6ec7000 ---p 00000000 00:00 0 
7fb9b6ec7000-7fb9b6fc7000 rw-p 00000000 00:00 0 
7fb9b6fc7000-7fb9b6fc8000 ---p 00000000 00:00 0 
7fb9b6fc8000-7fb9b70c8000 rw-p 00000000 00:00 0 
7fb9b70c8000-7fb9b70c9000 ---p 00000000 00:00 0 
7fb9b70c9000-7fb9b71c9000 rw-p 00000000 00:00 0 
7fb9b71c9000-7fb9b71ca000 ---p 00000000 00:00 0 
7fb9b71ca000-7fb9b72ca000 rw-p 00000000 00:00 0 
7fb9b72ca000-7fb9b72cb000 ---p 00000000 00:00 0 
7fb9b72cb000-7fb9b73cb000 rw-p 00000000 00:00 0 
7fb9b73cb000-7fb9b73cc000 ---p 00000000 00:00 0 
7fb9b73cc000-7fb9b74cc000 rw-p 00000000 00:00 0 
7fb9b74cc000-7fb9b74cd000 ---p 00000000 00:00 0 
7fb9b74cd000-7fb9b75cd000 rw-p 00000000 00:00 0 
7fb9b75cd000-7fb9b75ce000 ---p 00000000 00:00 0 
7fb9b75ce000-7fb9b76ce000 rw-p 00000000 00:00 0 
7fb9b76ce000-7fb9b76cf000 ---p 00000000 00:00 0 
7fb9b76cf000-7fb9b77cf000 rw-p 00000000 00:00 0 
7fb9b77cf000-7fb9b77d0000 ---p 00000000 00:00 0 
7fb9b77d0000-7fb9b78d0000 rw-p 00000000 00:00 0 
7fb9b78d0000-7fb9b78d1000 ---p 00000000 00:00 0 
7fb9b78d1000-7fb9b79d1000 rw-p 00000000 00:00 0 
7fb9b79d1000-7fb9b79d2000 ---p 00000000 00:00 0 
7fb9b79d2000-7fb9b7ad2000 rw-p 00000000 00:00 0 
7fb9b7ad2000-7fb9b7ad3000 ---p 00000000 00:00 0 
7fb9b7ad3000-7fb9b7bde000 rw-p 00000000 00:00 0 
7fb9b7bde000-7fb9b7c26000 rw-p 00000000 00:00 0 
7fb9b7c26000-7fb9b7da1000 rw-p 00000000 00:00 0 
7fb9b7da1000-7fb9b93cc000 rw-p 00000000 00:00 0 
7fb9b93cc000-7fb9b93d7000 rw-p 00000000 00:00 0 
7fb9b93d7000-7fb9b941f000 rw-p 00000000 00:00 0 
7fb9b941f000-7fb9b959a000 rw-p 00000000 00:00 0 
7fb9b959a000-7fb9babc4000 rw-p 00000000 00:00 0 
7fb9babc4000-7fb9bac82000 rw-p 00000000 00:00 0 
7fb9bac82000-7fb9bb797000 rw-p 00000000 00:00 0 
7fb9bb797000-7fb9bb798000 rw-p 00000000 00:00 0 
7fb9bb798000-7fb9bba08000 rwxp 00000000 00:00 0 
7fb9bba08000-7fb9be798000 rw-p 00000000 00:00 0 
7fb9be798000-7fb9be7a0000 r-xp 00000000 fe:05 3981363                    /usr/lib/jvm/java-7-openjdk-amd64/jre/lib/amd64/libzip.so
7fb9be7a0000-7fb9be99f000 ---p 00008000 fe:05 3981363                    /usr/lib/jvm/java-7-openjdk-amd64/jre/lib/amd64/libzip.so
7fb9be99f000-7fb9be9a0000 r--p 00007000 fe:05 3981363                    /usr/lib/jvm/java-7-openjdk-amd64/jre/lib/amd64/libzip.so
7fb9be9a0000-7fb9be9a1000 rw-p 00008000 fe:05 3981363                    /usr/lib/jvm/java-7-openjdk-amd64/jre/lib/amd64/libzip.so
7fb9be9a1000-7fb9be9ac000 r-xp 00000000 fe:00 2593                       /lib/x86_64-linux-gnu/libnss_files-2.13.so
7fb9be9ac000-7fb9bebab000 ---p 0000b000 fe:00 2593                       /lib/x86_64-linux-gnu/libnss_files-2.13.so
7fb9bebab000-7fb9bebac000 r--p 0000a000 fe:00 2593                       /lib/x86_64-linux-gnu/libnss_files-2.13.so
7fb9bebac000-7fb9bebad000 rw-p 0000b000 fe:00 2593                       /lib/x86_64-linux-gnu/libnss_files-2.13.so
7fb9bebad000-7fb9bebb7000 r-xp 00000000 fe:00 2605                       /lib/x86_64-linux-gnu/libnss_nis-2.13.so
7fb9bebb7000-7fb9bedb6000 ---p 0000a000 fe:00 2605                       /lib/x86_64-linux-gnu/libnss_nis-2.13.so
7fb9bedb6000-7fb9bedb7000 r--p 00009000 fe:00 2605                       /lib/x86_64-linux-gnu/libnss_nis-2.13.so
7fb9bedb7000-7fb9bedb8000 rw-p 0000a000 fe:00 2605                       /lib/x86_64-linux-gnu/libnss_nis-2.13.so
7fb9bedb8000-7fb9bedcd000 r-xp 00000000 fe:00 2603                       /lib/x86_64-linux-gnu/libnsl-2.13.so
7fb9bedcd000-7fb9befcc000 ---p 00015000 fe:00 2603                       /lib/x86_64-linux-gnu/libnsl-2.13.so
7fb9befcc000-7fb9befcd000 r--p 00014000 fe:00 2603                       /lib/x86_64-linux-gnu/libnsl-2.13.so
7fb9befcd000-7fb9befce000 rw-p 00015000 fe:00 2603                       /lib/x86_64-linux-gnu/libnsl-2.13.so
7fb9befce000-7fb9befd0000 rw-p 00000000 00:00 0 
7fb9befd0000-7fb9befd7000 r-xp 00000000 fe:00 2595                       /lib/x86_64-linux-gnu/libnss_compat-2.13.so
7fb9befd7000-7fb9bf1d6000 ---p 00007000 fe:00 2595                       /lib/x86_64-linux-gnu/libnss_compat-2.13.so
7fb9bf1d6000-7fb9bf1d7000 r--p 00006000 fe:00 2595                       /lib/x86_64-linux-gnu/libnss_compat-2.13.so
7fb9bf1d7000-7fb9bf1d8000 rw-p 00007000 fe:00 2595                       /lib/x86_64-linux-gnu/libnss_compat-2.13.so
7fb9bf1d8000-7fb9bf202000 r-xp 00000000 fe:05 3981353                    /usr/lib/jvm/java-7-openjdk-amd64/jre/lib/amd64/libjava.so
7fb9bf202000-7fb9bf402000 ---p 0002a000 fe:05 3981353                    /usr/lib/jvm/java-7-openjdk-amd64/jre/lib/amd64/libjava.so
7fb9bf402000-7fb9bf403000 r--p 0002a000 fe:05 3981353                    /usr/lib/jvm/java-7-openjdk-amd64/jre/lib/amd64/libjava.so
7fb9bf403000-7fb9bf405000 rw-p 0002b000 fe:05 3981353                    /usr/lib/jvm/java-7-openjdk-amd64/jre/lib/amd64/libjava.so
7fb9bf405000-7fb9bf414000 r-xp 00000000 fe:05 3981334                    /usr/lib/jvm/java-7-openjdk-amd64/jre/lib/amd64/libverify.so
7fb9bf414000-7fb9bf613000 ---p 0000f000 fe:05 3981334                    /usr/lib/jvm/java-7-openjdk-amd64/jre/lib/amd64/libverify.so
7fb9bf613000-7fb9bf615000 r--p 0000e000 fe:05 3981334                    /usr/lib/jvm/java-7-openjdk-amd64/jre/lib/amd64/libverify.so
7fb9bf615000-7fb9bf616000 rw-p 00010000 fe:05 3981334                    /usr/lib/jvm/java-7-openjdk-amd64/jre/lib/amd64/libverify.so
7fb9bf616000-7fb9bf61d000 r-xp 00000000 fe:00 2594                       /lib/x86_64-linux-gnu/librt-2.13.so
7fb9bf61d000-7fb9bf81c000 ---p 00007000 fe:00 2594                       /lib/x86_64-linux-gnu/librt-2.13.so
7fb9bf81c000-7fb9bf81d000 r--p 00006000 fe:00 2594                       /lib/x86_64-linux-gnu/librt-2.13.so
7fb9bf81d000-7fb9bf81e000 rw-p 00007000 fe:00 2594                       /lib/x86_64-linux-gnu/librt-2.13.so
7fb9bf81e000-7fb9bf833000 r-xp 00000000 fe:00 15                         /lib/x86_64-linux-gnu/libgcc_s.so.1
7fb9bf833000-7fb9bfa33000 ---p 00015000 fe:00 15                         /lib/x86_64-linux-gnu/libgcc_s.so.1
7fb9bfa33000-7fb9bfa34000 rw-p 00015000 fe:00 15                         /lib/x86_64-linux-gnu/libgcc_s.so.1
7fb9bfa34000-7fb9bfab5000 r-xp 00000000 fe:00 2596                       /lib/x86_64-linux-gnu/libm-2.13.so
7fb9bfab5000-7fb9bfcb4000 ---p 00081000 fe:00 2596                       /lib/x86_64-linux-gnu/libm-2.13.so
7fb9bfcb4000-7fb9bfcb5000 r--p 00080000 fe:00 2596                       /lib/x86_64-linux-gnu/libm-2.13.so
7fb9bfcb5000-7fb9bfcb6000 rw-p 00081000 fe:00 2596                       /lib/x86_64-linux-gnu/libm-2.13.so
7fb9bfcb6000-7fb9bfd9e000 r-xp 00000000 fe:05 3932165                    /usr/lib/x86_64-linux-gnu/libstdc++.so.6.0.17
7fb9bfd9e000-7fb9bff9e000 ---p 000e8000 fe:05 3932165                    /usr/lib/x86_64-linux-gnu/libstdc++.so.6.0.17
7fb9bff9e000-7fb9bffa6000 r--p 000e8000 fe:05 3932165                    /usr/lib/x86_64-linux-gnu/libstdc++.so.6.0.17
7fb9bffa6000-7fb9bffa8000 rw-p 000f0000 fe:05 3932165                    /usr/lib/x86_64-linux-gnu/libstdc++.so.6.0.17
7fb9bffa8000-7fb9bffbd000 rw-p 00000000 00:00 0 
7fb9bffbd000-7fb9c09ae000 r-xp 00000000 fe:05 3981338                    /usr/lib/jvm/java-7-openjdk-amd64/jre/lib/amd64/server/libjvm.so
7fb9c09ae000-7fb9c0bae000 ---p 009f1000 fe:05 3981338                    /usr/lib/jvm/java-7-openjdk-amd64/jre/lib/amd64/server/libjvm.so
7fb9c0bae000-7fb9c0c2d000 r--p 009f1000 fe:05 3981338                    /usr/lib/jvm/java-7-openjdk-amd64/jre/lib/amd64/server/libjvm.so
7fb9c0c2d000-7fb9c0c50000 rw-p 00a70000 fe:05 3981338                    /usr/lib/jvm/java-7-openjdk-amd64/jre/lib/amd64/server/libjvm.so
7fb9c0c50000-7fb9c0c7b000 rw-p 00000000 00:00 0 
7fb9c0c7b000-7fb9c0dfb000 r-xp 00000000 fe:00 2599                       /lib/x86_64-linux-gnu/libc-2.13.so
7fb9c0dfb000-7fb9c0ffb000 ---p 00180000 fe:00 2599                       /lib/x86_64-linux-gnu/libc-2.13.so
7fb9c0ffb000-7fb9c0fff000 r--p 00180000 fe:00 2599                       /lib/x86_64-linux-gnu/libc-2.13.so
7fb9c0fff000-7fb9c1000000 rw-p 00184000 fe:00 2599                       /lib/x86_64-linux-gnu/libc-2.13.so
7fb9c1000000-7fb9c1005000 rw-p 00000000 00:00 0 
7fb9c1005000-7fb9c1007000 r-xp 00000000 fe:00 2592                       /lib/x86_64-linux-gnu/libdl-2.13.so
7fb9c1007000-7fb9c1207000 ---p 00002000 fe:00 2592                       /lib/x86_64-linux-gnu/libdl-2.13.so
7fb9c1207000-7fb9c1208000 r--p 00002000 fe:00 2592                       /lib/x86_64-linux-gnu/libdl-2.13.so
7fb9c1208000-7fb9c1209000 rw-p 00003000 fe:00 2592                       /lib/x86_64-linux-gnu/libdl-2.13.so
7fb9c1209000-7fb9c121f000 r-xp 00000000 fe:00 101                        /lib/x86_64-linux-gnu/libz.so.1.2.7
7fb9c121f000-7fb9c141e000 ---p 00016000 fe:00 101                        /lib/x86_64-linux-gnu/libz.so.1.2.7
7fb9c141e000-7fb9c141f000 r--p 00015000 fe:00 101                        /lib/x86_64-linux-gnu/libz.so.1.2.7
7fb9c141f000-7fb9c1420000 rw-p 00016000 fe:00 101                        /lib/x86_64-linux-gnu/libz.so.1.2.7
7fb9c1420000-7fb9c142d000 r-xp 00000000 fe:05 3989590                    /usr/lib/jvm/java-7-openjdk-amd64/jre/lib/amd64/jli/libjli.so
7fb9c142d000-7fb9c162c000 ---p 0000d000 fe:05 3989590                    /usr/lib/jvm/java-7-openjdk-amd64/jre/lib/amd64/jli/libjli.so
7fb9c162c000-7fb9c162d000 r--p 0000c000 fe:05 3989590                    /usr/lib/jvm/java-7-openjdk-amd64/jre/lib/amd64/jli/libjli.so
7fb9c162d000-7fb9c162e000 rw-p 0000d000 fe:05 3989590                    /usr/lib/jvm/java-7-openjdk-amd64/jre/lib/amd64/jli/libjli.so
7fb9c162e000-7fb9c1645000 r-xp 00000000 fe:00 2589                       /lib/x86_64-linux-gnu/libpthread-2.13.so
7fb9c1645000-7fb9c1844000 ---p 00017000 fe:00 2589                       /lib/x86_64-linux-gnu/libpthread-2.13.so
7fb9c1844000-7fb9c1845000 r--p 00016000 fe:00 2589                       /lib/x86_64-linux-gnu/libpthread-2.13.so
7fb9c1845000-7fb9c1846000 rw-p 00017000 fe:00 2589                       /lib/x86_64-linux-gnu/libpthread-2.13.so
7fb9c1846000-7fb9c184a000 rw-p 00000000 00:00 0 
7fb9c184a000-7fb9c186a000 r-xp 00000000 fe:00 2602                       /lib/x86_64-linux-gnu/ld-2.13.so
7fb9c1887000-7fb9c1891000 rw-p 00000000 00:00 0 
7fb9c1891000-7fb9c1947000 rw-p 00000000 00:00 0 
7fb9c1947000-7fb9c194a000 ---p 00000000 00:00 0 
7fb9c194a000-7fb9c1a4d000 rw-p 00000000 00:00 0 
7fb9c1a5b000-7fb9c1a5d000 rw-p 00000000 00:00 0 
7fb9c1a5d000-7fb9c1a65000 rw-s 00000000 fe:01 105875                     /tmp/hsperfdata_bp4553/8354
7fb9c1a65000-7fb9c1a66000 rw-p 00000000 00:00 0 
7fb9c1a66000-7fb9c1a67000 r--p 00000000 00:00 0 
7fb9c1a67000-7fb9c1a69000 rw-p 00000000 00:00 0 
7fb9c1a69000-7fb9c1a6a000 r--p 0001f000 fe:00 2602                       /lib/x86_64-linux-gnu/ld-2.13.so
7fb9c1a6a000-7fb9c1a6b000 rw-p 00020000 fe:00 2602                       /lib/x86_64-linux-gnu/ld-2.13.so
7fb9c1a6b000-7fb9c1a6c000 rw-p 00000000 00:00 0 
7fff7c092000-7fff7c0b3000 rw-p 00000000 00:00 0                          [stack]
7fff7c0b5000-7fff7c0b6000 r-xp 00000000 00:00 0                          [vdso]
ffffffffff600000-ffffffffff601000 r-xp 00000000 00:00 0                  [vsyscall]

VM Arguments:
jvm_args: -Dfile.encoding=UTF-8 
java_command: de.hswt.swa.jni.JNITest
Launcher Type: SUN_STANDARD

Environment Variables:
PATH=/usr/local/bin:/usr/bin:/bin:/usr/bin/X11:/usr/games
LD_LIBRARY_PATH=/usr/lib/nx/X11/Xinerama:/usr/lib/nx/X11
SHELL=/bin/bash
DISPLAY=:79.0

Signal Handlers:
SIGSEGV: [libjvm.so+0x84ff00], sa_mask[0]=0x7ffbfeff, sa_flags=0x10000004
SIGBUS: [libjvm.so+0x84ff00], sa_mask[0]=0x7ffbfeff, sa_flags=0x10000004
SIGFPE: [libjvm.so+0x6f2230], sa_mask[0]=0x7ffbfeff, sa_flags=0x10000004
SIGPIPE: [libjvm.so+0x6f2230], sa_mask[0]=0x7ffbfeff, sa_flags=0x10000004
SIGXFSZ: [libjvm.so+0x6f2230], sa_mask[0]=0x7ffbfeff, sa_flags=0x10000004
SIGILL: [libjvm.so+0x6f2230], sa_mask[0]=0x7ffbfeff, sa_flags=0x10000004
SIGUSR1: SIG_DFL, sa_mask[0]=0x00000000, sa_flags=0x00000000
SIGUSR2: [libjvm.so+0x6f2600], sa_mask[0]=0x00000004, sa_flags=0x10000004
SIGHUP: [libjvm.so+0x6f2740], sa_mask[0]=0x7ffbfeff, sa_flags=0x10000004
SIGINT: [libjvm.so+0x6f2740], sa_mask[0]=0x7ffbfeff, sa_flags=0x10000004
SIGTERM: [libjvm.so+0x6f2740], sa_mask[0]=0x7ffbfeff, sa_flags=0x10000004
SIGQUIT: [libjvm.so+0x6f2740], sa_mask[0]=0x7ffbfeff, sa_flags=0x10000004


---------------  S Y S T E M  ---------------

OS:7.2

uname:Linux 3.2.0-4-amd64 #1 SMP Debian 3.2.51-1 x86_64
libc:glibc 2.13 NPTL 2.13 
rlimit: STACK 8192k, CORE 0k, NPROC 581066, NOFILE 4096, AS infinity
load average:1,25 1,36 1,40

/proc/meminfo:
MemTotal:       74381500 kB
MemFree:        54555496 kB
Buffers:         1357016 kB
Cached:          7844076 kB
SwapCached:            0 kB
Active:         13612908 kB
Inactive:        4493340 kB
Active(anon):    8905252 kB
Inactive(anon):   118712 kB
Active(file):    4707656 kB
Inactive(file):  4374628 kB
Unevictable:           0 kB
Mlocked:               0 kB
SwapTotal:             0 kB
SwapFree:              0 kB
Dirty:               360 kB
Writeback:             0 kB
AnonPages:       8905768 kB
Mapped:           426144 kB
Shmem:            118952 kB
Slab:            1270200 kB
SReclaimable:    1176976 kB
SUnreclaim:        93224 kB
KernelStack:       15992 kB
PageTables:       179436 kB
NFS_Unstable:          0 kB
Bounce:                0 kB
WritebackTmp:          0 kB
CommitLimit:    37190748 kB
Committed_AS:   24782236 kB
VmallocTotal:   34359738367 kB
VmallocUsed:      230856 kB
VmallocChunk:   34321757564 kB
HardwareCorrupted:     0 kB
AnonHugePages:         0 kB
HugePages_Total:       0
HugePages_Free:        0
HugePages_Rsvd:        0
HugePages_Surp:        0
Hugepagesize:       2048 kB
DirectMap4k:       81664 kB
DirectMap2M:    75407360 kB


CPU:total 16 (4 cores per cpu, 2 threads per core) family 6 model 26 stepping 5, cmov, cx8, fxsr, mmx, sse, sse2, sse3, ssse3, sse4.1, sse4.2, popcnt, ht, tsc, tscinvbit, tscinv

/proc/cpuinfo:
processor	: 0
vendor_id	: GenuineIntel
cpu family	: 6
model		: 26
model name	: Intel(R) Xeon(R) CPU           E5540  @ 2.53GHz
stepping	: 5
microcode	: 0x11
cpu MHz		: 2528.000
cache size	: 8192 KB
physical id	: 0
siblings	: 8
core id		: 0
cpu cores	: 4
apicid		: 0
initial apicid	: 0
fpu		: yes
fpu_exception	: yes
cpuid level	: 11
wp		: yes
flags		: fpu vme de pse tsc msr pae mce cx8 apic sep mtrr pge mca cmov pat pse36 clflush dts acpi mmx fxsr sse sse2 ss ht tm pbe syscall nx rdtscp lm constant_tsc arch_perfmon pebs bts rep_good nopl xtopology nonstop_tsc aperfmperf pni dtes64 monitor ds_cpl vmx est tm2 ssse3 cx16 xtpr pdcm dca sse4_1 sse4_2 popcnt lahf_lm ida dtherm tpr_shadow vnmi flexpriority ept vpid
bogomips	: 5066.12
clflush size	: 64
cache_alignment	: 64
address sizes	: 40 bits physical, 48 bits virtual
power management:

processor	: 1
vendor_id	: GenuineIntel
cpu family	: 6
model		: 26
model name	: Intel(R) Xeon(R) CPU           E5540  @ 2.53GHz
stepping	: 5
microcode	: 0x11
cpu MHz		: 1596.000
cache size	: 8192 KB
physical id	: 0
siblings	: 8
core id		: 1
cpu cores	: 4
apicid		: 2
initial apicid	: 2
fpu		: yes
fpu_exception	: yes
cpuid level	: 11
wp		: yes
flags		: fpu vme de pse tsc msr pae mce cx8 apic sep mtrr pge mca cmov pat pse36 clflush dts acpi mmx fxsr sse sse2 ss ht tm pbe syscall nx rdtscp lm constant_tsc arch_perfmon pebs bts rep_good nopl xtopology nonstop_tsc aperfmperf pni dtes64 monitor ds_cpl vmx est tm2 ssse3 cx16 xtpr pdcm dca sse4_1 sse4_2 popcnt lahf_lm ida dtherm tpr_shadow vnmi flexpriority ept vpid
bogomips	: 5066.65
clflush size	: 64
cache_alignment	: 64
address sizes	: 40 bits physical, 48 bits virtual
power management:

processor	: 2
vendor_id	: GenuineIntel
cpu family	: 6
model		: 26
model name	: Intel(R) Xeon(R) CPU           E5540  @ 2.53GHz
stepping	: 5
microcode	: 0x11
cpu MHz		: 2527.000
cache size	: 8192 KB
physical id	: 0
siblings	: 8
core id		: 2
cpu cores	: 4
apicid		: 4
initial apicid	: 4
fpu		: yes
fpu_exception	: yes
cpuid level	: 11
wp		: yes
flags		: fpu vme de pse tsc msr pae mce cx8 apic sep mtrr pge mca cmov pat pse36 clflush dts acpi mmx fxsr sse sse2 ss ht tm pbe syscall nx rdtscp lm constant_tsc arch_perfmon pebs bts rep_good nopl xtopology nonstop_tsc aperfmperf pni dtes64 monitor ds_cpl vmx est tm2 ssse3 cx16 xtpr pdcm dca sse4_1 sse4_2 popcnt lahf_lm ida dtherm tpr_shadow vnmi flexpriority ept vpid
bogomips	: 5066.66
clflush size	: 64
cache_alignment	: 64
address sizes	: 40 bits physical, 48 bits virtual
power management:

processor	: 3
vendor_id	: GenuineIntel
cpu family	: 6
model		: 26
model name	: Intel(R) Xeon(R) CPU           E5540  @ 2.53GHz
stepping	: 5
microcode	: 0x11
cpu MHz		: 1596.000
cache size	: 8192 KB
physical id	: 0
siblings	: 8
core id		: 3
cpu cores	: 4
apicid		: 6
initial apicid	: 6
fpu		: yes
fpu_exception	: yes
cpuid level	: 11
wp		: yes
flags		: fpu vme de pse tsc msr pae mce cx8 apic sep mtrr pge mca cmov pat pse36 clflush dts acpi mmx fxsr sse sse2 ss ht tm pbe syscall nx rdtscp lm constant_tsc arch_perfmon pebs bts rep_good nopl xtopology nonstop_tsc aperfmperf pni dtes64 monitor ds_cpl vmx est tm2 ssse3 cx16 xtpr pdcm dca sse4_1 sse4_2 popcnt lahf_lm ida dtherm tpr_shadow vnmi flexpriority ept vpid
bogomips	: 5066.66
clflush size	: 64
cache_alignment	: 64
address sizes	: 40 bits physical, 48 bits virtual
power management:

processor	: 4
vendor_id	: GenuineIntel
cpu family	: 6
model		: 26
model name	: Intel(R) Xeon(R) CPU           E5540  @ 2.53GHz
stepping	: 5
microcode	: 0x11
cpu MHz		: 2528.000
cache size	: 8192 KB
physical id	: 1
siblings	: 8
core id		: 0
cpu cores	: 4
apicid		: 16
initial apicid	: 16
fpu		: yes
fpu_exception	: yes
cpuid level	: 11
wp		: yes
flags		: fpu vme de pse tsc msr pae mce cx8 apic sep mtrr pge mca cmov pat pse36 clflush dts acpi mmx fxsr sse sse2 ss ht tm pbe syscall nx rdtscp lm constant_tsc arch_perfmon pebs bts rep_good nopl xtopology nonstop_tsc aperfmperf pni dtes64 monitor ds_cpl vmx est tm2 ssse3 cx16 xtpr pdcm dca sse4_1 sse4_2 popcnt lahf_lm ida dtherm tpr_shadow vnmi flexpriority ept vpid
bogomips	: 5066.70
clflush size	: 64
cache_alignment	: 64
address sizes	: 40 bits physical, 48 bits virtual
power management:

processor	: 5
vendor_id	: GenuineIntel
cpu family	: 6
model		: 26
model name	: Intel(R) Xeon(R) CPU           E5540  @ 2.53GHz
stepping	: 5
microcode	: 0x11
cpu MHz		: 1596.000
cache size	: 8192 KB
physical id	: 1
siblings	: 8
core id		: 1
cpu cores	: 4
apicid		: 18
initial apicid	: 18
fpu		: yes
fpu_exception	: yes
cpuid level	: 11
wp		: yes
flags		: fpu vme de pse tsc msr pae mce cx8 apic sep mtrr pge mca cmov pat pse36 clflush dts acpi mmx fxsr sse sse2 ss ht tm pbe syscall nx rdtscp lm constant_tsc arch_perfmon pebs bts rep_good nopl xtopology nonstop_tsc aperfmperf pni dtes64 monitor ds_cpl vmx est tm2 ssse3 cx16 xtpr pdcm dca sse4_1 sse4_2 popcnt lahf_lm ida dtherm tpr_shadow vnmi flexpriority ept vpid
bogomips	: 5066.70
clflush size	: 64
cache_alignment	: 64
address sizes	: 40 bits physical, 48 bits virtual
power management:

processor	: 6
vendor_id	: GenuineIntel
cpu family	: 6
model		: 26
model name	: Intel(R) Xeon(R) CPU           E5540  @ 2.53GHz
stepping	: 5
microcode	: 0x11
cpu MHz		: 1596.000
cache size	: 8192 KB
physical id	: 1
siblings	: 8
core id		: 2
cpu cores	: 4
apicid		: 20
initial apicid	: 20
fpu		: yes
fpu_exception	: yes
cpuid level	: 11
wp		: yes
flags		: fpu vme de pse tsc msr pae mce cx8 apic sep mtrr pge mca cmov pat pse36 clflush dts acpi mmx fxsr sse sse2 ss ht tm pbe syscall nx rdtscp lm constant_tsc arch_perfmon pebs bts rep_good nopl xtopology nonstop_tsc aperfmperf pni dtes64 monitor ds_cpl vmx est tm2 ssse3 cx16 xtpr pdcm dca sse4_1 sse4_2 popcnt lahf_lm ida dtherm tpr_shadow vnmi flexpriority ept vpid
bogomips	: 5066.70
clflush size	: 64
cache_alignment	: 64
address sizes	: 40 bits physical, 48 bits virtual
power management:

processor	: 7
vendor_id	: GenuineIntel
cpu family	: 6
model		: 26
model name	: Intel(R) Xeon(R) CPU           E5540  @ 2.53GHz
stepping	: 5
microcode	: 0x11
cpu MHz		: 1596.000
cache size	: 8192 KB
physical id	: 1
siblings	: 8
core id		: 3
cpu cores	: 4
apicid		: 22
initial apicid	: 22
fpu		: yes
fpu_exception	: yes
cpuid level	: 11
wp		: yes
flags		: fpu vme de pse tsc msr pae mce cx8 apic sep mtrr pge mca cmov pat pse36 clflush dts acpi mmx fxsr sse sse2 ss ht tm pbe syscall nx rdtscp lm constant_tsc arch_perfmon pebs bts rep_good nopl xtopology nonstop_tsc aperfmperf pni dtes64 monitor ds_cpl vmx est tm2 ssse3 cx16 xtpr pdcm dca sse4_1 sse4_2 popcnt lahf_lm ida dtherm tpr_shadow vnmi flexpriority ept vpid
bogomips	: 5066.71
clflush size	: 64
cache_alignment	: 64
address sizes	: 40 bits physical, 48 bits virtual
power management:

processor	: 8
vendor_id	: GenuineIntel
cpu family	: 6
model		: 26
model name	: Intel(R) Xeon(R) CPU           E5540  @ 2.53GHz
stepping	: 5
microcode	: 0x11
cpu MHz		: 1596.000
cache size	: 8192 KB
physical id	: 0
siblings	: 8
core id		: 0
cpu cores	: 4
apicid		: 1
initial apicid	: 1
fpu		: yes
fpu_exception	: yes
cpuid level	: 11
wp		: yes
flags		: fpu vme de pse tsc msr pae mce cx8 apic sep mtrr pge mca cmov pat pse36 clflush dts acpi mmx fxsr sse sse2 ss ht tm pbe syscall nx rdtscp lm constant_tsc arch_perfmon pebs bts rep_good nopl xtopology nonstop_tsc aperfmperf pni dtes64 monitor ds_cpl vmx est tm2 ssse3 cx16 xtpr pdcm dca sse4_1 sse4_2 popcnt lahf_lm ida dtherm tpr_shadow vnmi flexpriority ept vpid
bogomips	: 5066.70
clflush size	: 64
cache_alignment	: 64
address sizes	: 40 bits physical, 48 bits virtual
power management:

processor	: 9
vendor_id	: GenuineIntel
cpu family	: 6
model		: 26
model name	: Intel(R) Xeon(R) CPU           E5540  @ 2.53GHz
stepping	: 5
microcode	: 0x11
cpu MHz		: 1596.000
cache size	: 8192 KB
physical id	: 0
siblings	: 8
core id		: 1
cpu cores	: 4
apicid		: 3
initial apicid	: 3
fpu		: yes
fpu_exception	: yes
cpuid level	: 11
wp		: yes
flags		: fpu vme de pse tsc msr pae mce cx8 apic sep mtrr pge mca cmov pat pse36 clflush dts acpi mmx fxsr sse sse2 ss ht tm pbe syscall nx rdtscp lm constant_tsc arch_perfmon pebs bts rep_good nopl xtopology nonstop_tsc aperfmperf pni dtes64 monitor ds_cpl vmx est tm2 ssse3 cx16 xtpr pdcm dca sse4_1 sse4_2 popcnt lahf_lm ida dtherm tpr_shadow vnmi flexpriority ept vpid
bogomips	: 5066.70
clflush size	: 64
cache_alignment	: 64
address sizes	: 40 bits physical, 48 bits virtual
power management:

processor	: 10
vendor_id	: GenuineIntel
cpu family	: 6
model		: 26
model name	: Intel(R) Xeon(R) CPU           E5540  @ 2.53GHz
stepping	: 5
microcode	: 0x11
cpu MHz		: 1596.000
cache size	: 8192 KB
physical id	: 0
siblings	: 8
core id		: 2
cpu cores	: 4
apicid		: 5
initial apicid	: 5
fpu		: yes
fpu_exception	: yes
cpuid level	: 11
wp		: yes
flags		: fpu vme de pse tsc msr pae mce cx8 apic sep mtrr pge mca cmov pat pse36 clflush dts acpi mmx fxsr sse sse2 ss ht tm pbe syscall nx rdtscp lm constant_tsc arch_perfmon pebs bts rep_good nopl xtopology nonstop_tsc aperfmperf pni dtes64 monitor ds_cpl vmx est tm2 ssse3 cx16 xtpr pdcm dca sse4_1 sse4_2 popcnt lahf_lm ida dtherm tpr_shadow vnmi flexpriority ept vpid
bogomips	: 5066.73
clflush size	: 64
cache_alignment	: 64
address sizes	: 40 bits physical, 48 bits virtual
power management:

processor	: 11
vendor_id	: GenuineIntel
cpu family	: 6
model		: 26
model name	: Intel(R) Xeon(R) CPU           E5540  @ 2.53GHz
stepping	: 5
microcode	: 0x11
cpu MHz		: 1596.000
cache size	: 8192 KB
physical id	: 0
siblings	: 8
core id		: 3
cpu cores	: 4
apicid		: 7
initial apicid	: 7
fpu		: yes
fpu_exception	: yes
cpuid level	: 11
wp		: yes
flags		: fpu vme de pse tsc msr pae mce cx8 apic sep mtrr pge mca cmov pat pse36 clflush dts acpi mmx fxsr sse sse2 ss ht tm pbe syscall nx rdtscp lm constant_tsc arch_perfmon pebs bts rep_good nopl xtopology nonstop_tsc aperfmperf pni dtes64 monitor ds_cpl vmx est tm2 ssse3 cx16 xtpr pdcm dca sse4_1 sse4_2 popcnt lahf_lm ida dtherm tpr_shadow vnmi flexpriority ept vpid
bogomips	: 5066.72
clflush size	: 64
cache_alignment	: 64
address sizes	: 40 bits physical, 48 bits virtual
power management:

processor	: 12
vendor_id	: GenuineIntel
cpu family	: 6
model		: 26
model name	: Intel(R) Xeon(R) CPU           E5540  @ 2.53GHz
stepping	: 5
microcode	: 0x11
cpu MHz		: 1596.000
cache size	: 8192 KB
physical id	: 1
siblings	: 8
core id		: 0
cpu cores	: 4
apicid		: 17
initial apicid	: 17
fpu		: yes
fpu_exception	: yes
cpuid level	: 11
wp		: yes
flags		: fpu vme de pse tsc msr pae mce cx8 apic sep mtrr pge mca cmov pat pse36 clflush dts acpi mmx fxsr sse sse2 ss ht tm pbe syscall nx rdtscp lm constant_tsc arch_perfmon pebs bts rep_good nopl xtopology nonstop_tsc aperfmperf pni dtes64 monitor ds_cpl vmx est tm2 ssse3 cx16 xtpr pdcm dca sse4_1 sse4_2 popcnt lahf_lm ida dtherm tpr_shadow vnmi flexpriority ept vpid
bogomips	: 5066.67
clflush size	: 64
cache_alignment	: 64
address sizes	: 40 bits physical, 48 bits virtual
power management:

processor	: 13
vendor_id	: GenuineIntel
cpu family	: 6
model		: 26
model name	: Intel(R) Xeon(R) CPU           E5540  @ 2.53GHz
stepping	: 5
microcode	: 0x11
cpu MHz		: 1596.000
cache size	: 8192 KB
physical id	: 1
siblings	: 8
core id		: 1
cpu cores	: 4
apicid		: 19
initial apicid	: 19
fpu		: yes
fpu_exception	: yes
cpuid level	: 11
wp		: yes
flags		: fpu vme de pse tsc msr pae mce cx8 apic sep mtrr pge mca cmov pat pse36 clflush dts acpi mmx fxsr sse sse2 ss ht tm pbe syscall nx rdtscp lm constant_tsc arch_perfmon pebs bts rep_good nopl xtopology nonstop_tsc aperfmperf pni dtes64 monitor ds_cpl vmx est tm2 ssse3 cx16 xtpr pdcm dca sse4_1 sse4_2 popcnt lahf_lm ida dtherm tpr_shadow vnmi flexpriority ept vpid
bogomips	: 5066.71
clflush size	: 64
cache_alignment	: 64
address sizes	: 40 bits physical, 48 bits virtual
power management:

processor	: 14
vendor_id	: GenuineIntel
cpu family	: 6
model		: 26
model name	: Intel(R) Xeon(R) CPU           E5540  @ 2.53GHz
stepping	: 5
microcode	: 0x11
cpu MHz		: 2528.000
cache size	: 8192 KB
physical id	: 1
siblings	: 8
core id		: 2
cpu cores	: 4
apicid		: 21
initial apicid	: 21
fpu		: yes
fpu_exception	: yes
cpuid level	: 11
wp		: yes
flags		: fpu vme de pse tsc msr pae mce cx8 apic sep mtrr pge mca cmov pat pse36 clflush dts acpi mmx fxsr sse sse2 ss ht tm pbe syscall nx rdtscp lm constant_tsc arch_perfmon pebs bts rep_good nopl xtopology nonstop_tsc aperfmperf pni dtes64 monitor ds_cpl vmx est tm2 ssse3 cx16 xtpr pdcm dca sse4_1 sse4_2 popcnt lahf_lm ida dtherm tpr_shadow vnmi flexpriority ept vpid
bogomips	: 5066.69
clflush size	: 64
cache_alignment	: 64
address sizes	: 40 bits physical, 48 bits virtual
power management:

processor	: 15
vendor_id	: GenuineIntel
cpu family	: 6
model		: 26
model name	: Intel(R) Xeon(R) CPU           E5540  @ 2.53GHz
stepping	: 5
microcode	: 0x11
cpu MHz		: 1596.000
cache size	: 8192 KB
physical id	: 1
siblings	: 8
core id		: 3
cpu cores	: 4
apicid		: 23
initial apicid	: 23
fpu		: yes
fpu_exception	: yes
cpuid level	: 11
wp		: yes
flags		: fpu vme de pse tsc msr pae mce cx8 apic sep mtrr pge mca cmov pat pse36 clflush dts acpi mmx fxsr sse sse2 ss ht tm pbe syscall nx rdtscp lm constant_tsc arch_perfmon pebs bts rep_good nopl xtopology nonstop_tsc aperfmperf pni dtes64 monitor ds_cpl vmx est tm2 ssse3 cx16 xtpr pdcm dca sse4_1 sse4_2 popcnt lahf_lm ida dtherm tpr_shadow vnmi flexpriority ept vpid
bogomips	: 5066.73
clflush size	: 64
cache_alignment	: 64
address sizes	: 40 bits physical, 48 bits virtual
power management:



Memory: 4k page, physical 74381500k(54555496k free), swap 0k(0k free)

vm_info: OpenJDK 64-Bit Server VM (23.7-b01) for linux-amd64 JRE (1.7.0_25-b30), built on Jul  3 2013 10:28:26 by "jmm" with gcc 4.7.2

time: Mon Nov  4 13:52:41 2013
elapsed time: 0 seconds

