#
# A fatal error has been detected by the Java Runtime Environment:
#
#  SIGSEGV (0xb) at pc=0x00007f1871e3497a, pid=16235, tid=139742988961536
#
# JRE version: 7.0_25-b30
# Java VM: OpenJDK 64-Bit Server VM (23.7-b01 mixed mode linux-amd64 compressed oops)
# Problematic frame:
# V  [libjvm.so+0x54697a]  JNI_ArgumentPusherVaArg::JNI_ArgumentPusherVaArg(_jmethodID*, __va_list_tag*)+0xa
#
# Failed to write core dump. Core dumps have been disabled. To enable core dumping, try "ulimit -c unlimited" before starting Java again
#
# If you would like to submit a bug report, please include
# instructions on how to reproduce the bug and visit:
#   http://icedtea.classpath.org/bugzilla
#

---------------  T H R E A D  ---------------

Current thread (0x0000000000843000):  JavaThread "main" [_thread_in_vm, id=16237, stack(0x00007f1873278000,0x00007f1873379000)]

siginfo:si_signo=SIGSEGV: si_errno=0, si_code=1 (SEGV_MAPERR), si_addr=0x0000000000000000

Registers:
RAX=0x00007f1872180520, RBX=0x0000000000843000, RCX=0x00007f1873377820, RDX=0x00007f1873377820
RSP=0x00007f1873377720, RBP=0x00007f1873377730, RSI=0x0000000000000000, RDI=0x00007f1873377780
R8 =0x0000000000000000, R9 =0x0000000000000001, R10=0x0000000000000000, R11=0x00007f1838250ebc
R12=0x00007f1873377820, R13=0x0000000000000000, R14=0x00000000008f5f70, R15=0x00007f1873377820
RIP=0x00007f1871e3497a, EFLAGS=0x0000000000010293, CSGSFS=0x0000000000000033, ERR=0x0000000000000004
  TRAPNO=0x000000000000000e

Top of Stack: (sp=0x00007f1873377720)
0x00007f1873377720:   0000000000843000 00000000008431d8
0x00007f1873377730:   00007f18733777f0 00007f1871e2f961
0x00007f1873377740:   00007f18733777f0 00007f1871e3086e
0x00007f1873377750:   00007f180000000c 0000000023550101
0x00007f1873377760:   0000000000843000 0000000000843bd8
0x00007f1873377770:   00007f180000063d 00007f1872180520
0x00007f1873377780:   000000017254b201 000000000087cc30
0x00007f1873377790:   00007f18733777c0 00007f1838250654
0x00007f18733777a0:   0000000000843000 0000000000843000
0x00007f18733777b0:   00000000008778e0 00007f1872180520
0x00007f18733777c0:   00007f1873377810 0000000386cb5b30
0x00007f18733777d0:   0000000000000000 0000000386cb5b30
0x00007f18733777e0:   00007f1873377998 0000000000843000
0x00007f18733777f0:   00007f18733778f0 00007f1838250f71
0x00007f1873377800:   00007f1838250468 0000000000000000
0x00007f1873377810:   00000000008f5f70 00000000008431d8
0x00007f1873377820:   0000003000000018 00007f1873377900
0x00007f1873377830:   00007f1873377840 0000000000000000
0x00007f1873377840:   00007f1873377998 0000000000843000
0x00007f1873377850:   00007f1838250000 00000000008f5f70
0x00007f1873377860:   0000000000000000 0000000000000001
0x00007f1873377870:   00007f18733778c0 00007f1838250468
0x00007f1873377880:   0000000000843000 0000000386cb5b30
0x00007f1873377890:   00007f1873377930 0000000000000000
0x00007f18733778a0:   0000000386cb5b30 00007f187318ea55
0x00007f18733778b0:   0000000000000000 00000000008f5f70
0x00007f18733778c0:   0000000000000000 00000000008f5f70
0x00007f18733778d0:   00000000008431d8 0000000000000000
0x00007f18733778e0:   0000000000000001 00007f183407de10
0x00007f18733778f0:   00007f1873377930 00007f1838250d50
0x00007f1873377900:   00007f1873377990 00000000008431d8
0x00007f1873377910:   0000000000000000 00000000008f5f78 

Instructions: (pc=0x00007f1871e3497a)
0x00007f1871e3495a:   00 00 c6 43 70 00 4c 8b 65 f0 48 8b 5d e8 4c 8b
0x00007f1871e3496a:   6d f8 c9 c3 90 90 55 48 89 e5 41 54 49 89 d4 53
0x00007f1871e3497a:   48 8b 06 48 89 fb 48 8b 50 10 48 8b 78 18 0f b7
0x00007f1871e3498a:   72 42 e8 cf 7d e2 ff 48 83 e0 fe 48 89 df 48 89 

Register to memory mapping:

RAX=0x00007f1872180520: <offset 0x892520> in /usr/lib/jvm/java-7-openjdk-amd64/jre/lib/amd64/server/libjvm.so at 0x00007f18718ee000
RBX=0x0000000000843000 is a thread
RCX=0x00007f1873377820 is pointing into the stack for thread: 0x0000000000843000
RDX=0x00007f1873377820 is pointing into the stack for thread: 0x0000000000843000
RSP=0x00007f1873377720 is pointing into the stack for thread: 0x0000000000843000
RBP=0x00007f1873377730 is pointing into the stack for thread: 0x0000000000843000
RSI=0x0000000000000000 is an unknown value
RDI=0x00007f1873377780 is pointing into the stack for thread: 0x0000000000843000
R8 =0x0000000000000000 is an unknown value
R9 =0x0000000000000001 is an unknown value
R10=0x0000000000000000 is an unknown value
R11=0x00007f1838250ebc: _ZN7JNIEnv_16CallObjectMethodEP8_jobjectP10_jmethodIDz+0 in /home/bp4553/workspace/SoftwareArchitekturen/libnative.so at 0x00007f1838250000
R12=0x00007f1873377820 is pointing into the stack for thread: 0x0000000000843000
R13=0x0000000000000000 is an unknown value
R14=0x00000000008f5f70 is an unknown value
R15=0x00007f1873377820 is pointing into the stack for thread: 0x0000000000843000


Stack: [0x00007f1873278000,0x00007f1873379000],  sp=0x00007f1873377720,  free space=1021k
Native frames: (J=compiled Java code, j=interpreted, Vv=VM code, C=native code)
V  [libjvm.so+0x54697a]  JNI_ArgumentPusherVaArg::JNI_ArgumentPusherVaArg(_jmethodID*, __va_list_tag*)+0xa
V  [libjvm.so+0x541961]  jni_CallObjectMethodV+0xa1
C  [libnative.so+0xf71]  JNIEnv_::CallObjectMethod(_jobject*, _jmethodID*, ...)+0xb5
C  [libnative.so+0xd50]  Java_de_hswt_swa_jni_JNITest_getDate+0xcb
j  de.hswt.swa.jni.JNITest.getDate()Ljava/lang/String;+0
j  de.hswt.swa.jni.JNITest.main([Ljava/lang/String;)V+40
v  ~StubRoutines::call_stub
V  [libjvm.so+0x527a8e]  JavaCalls::call_helper(JavaValue*, methodHandle*, JavaCallArguments*, Thread*)+0x32e
V  [libjvm.so+0x527535]  JavaCalls::call(JavaValue*, methodHandle, JavaCallArguments*, Thread*)+0x25
V  [libjvm.so+0x53d15c]  jni_invoke_static(JNIEnv_*, JavaValue*, _jobject*, JNICallType, _jmethodID*, JNI_ArgumentPusher*, Thread*) [clone .isra.123] [clone .constprop.147]+0xdc
V  [libjvm.so+0x53d7ba]  jni_CallStaticVoidMethod+0x12a
C  [libjli.so+0x31d1]  __strcat_chk+0x31d1

Java frames: (J=compiled Java code, j=interpreted, Vv=VM code)
j  de.hswt.swa.jni.JNITest.getDate()Ljava/lang/String;+0
j  de.hswt.swa.jni.JNITest.main([Ljava/lang/String;)V+40
v  ~StubRoutines::call_stub

---------------  P R O C E S S  ---------------

Java Threads: ( => current thread )
  0x00007f183400c000 JavaThread "Service Thread" daemon [_thread_blocked, id=16263, stack(0x00007f1838564000,0x00007f1838665000)]
  0x00007f1834009000 JavaThread "C2 CompilerThread1" daemon [_thread_blocked, id=16262, stack(0x00007f1838665000,0x00007f1838766000)]
  0x00007f1834006000 JavaThread "C2 CompilerThread0" daemon [_thread_blocked, id=16261, stack(0x00007f1838766000,0x00007f1838867000)]
  0x0000000000958800 JavaThread "Signal Dispatcher" daemon [_thread_blocked, id=16260, stack(0x00007f1838867000,0x00007f1838968000)]
  0x00000000008ff000 JavaThread "Finalizer" daemon [_thread_blocked, id=16257, stack(0x00007f1838adf000,0x00007f1838be0000)]
  0x00000000008fd000 JavaThread "Reference Handler" daemon [_thread_blocked, id=16256, stack(0x00007f1838be0000,0x00007f1838ce1000)]
=>0x0000000000843000 JavaThread "main" [_thread_in_vm, id=16237, stack(0x00007f1873278000,0x00007f1873379000)]

Other Threads:
  0x00000000008f4800 VMThread [stack: 0x00007f1838ce1000,0x00007f1838de2000] [id=16255]
  0x00007f1834016800 WatcherThread [stack: 0x00007f1838463000,0x00007f1838564000] [id=16264]

VM state:not at safepoint (normal execution)

VM Mutex/Monitor currently owned by a thread: None

Heap
 PSYoungGen      total 339008K, used 5812K [0x0000000685ab0000, 0x000000069d500000, 0x0000000800000000)
  eden space 290624K, 2% used [0x0000000685ab0000,0x000000068605d258,0x0000000697680000)
  from space 48384K, 0% used [0x000000069a5c0000,0x000000069a5c0000,0x000000069d500000)
  to   space 48384K, 0% used [0x0000000697680000,0x0000000697680000,0x000000069a5c0000)
 ParOldGen       total 774848K, used 0K [0x0000000391000000, 0x00000003c04b0000, 0x0000000685ab0000)
  object space 774848K, 0% used [0x0000000391000000,0x0000000391000000,0x00000003c04b0000)
 PSPermGen       total 21248K, used 2843K [0x0000000386a00000, 0x0000000387ec0000, 0x0000000391000000)
  object space 21248K, 13% used [0x0000000386a00000,0x0000000386cc6ea8,0x0000000387ec0000)

Card table byte_map: [0x00007f186acfd000,0x00007f186d0c9000] byte_map_base: 0x00007f18690c8000

Polling page: 0x00007f1873397000

Code Cache  [0x00007f186d0c9000, 0x00007f186d339000, 0x00007f18700c9000)
 total_blobs=166 nmethods=0 adapters=134 free_code_cache=48774Kb largest_free_block=49944832

Compilation events (0 events):
No events

GC Heap History (0 events):
No events

Deoptimization events (0 events):
No events

Internal exceptions (6 events):
Event: 0,044 Thread 0x0000000000843000 Threw 0x0000000685ab6140 at /home/jmm/scratch/jdk/openjdk-7-7u25-2.3.10/build/openjdk/hotspot/src/share/vm/prims/jni.cpp:3994
Event: 0,085 Thread 0x0000000000843000 Threw 0x0000000685aff800 at /home/jmm/scratch/jdk/openjdk-7-7u25-2.3.10/build/openjdk/hotspot/src/share/vm/prims/jni.cpp:716
Event: 0,085 Thread 0x0000000000843000 Threw 0x0000000685aff998 at /home/jmm/scratch/jdk/openjdk-7-7u25-2.3.10/build/openjdk/hotspot/src/share/vm/prims/jvm.cpp:1235
Event: 0,085 Thread 0x0000000000843000 Threw 0x0000000685affac0 at /home/jmm/scratch/jdk/openjdk-7-7u25-2.3.10/build/openjdk/hotspot/src/share/vm/prims/jvm.cpp:1235
Event: 0,085 Thread 0x0000000000843000 Threw 0x0000000685b026d0 at /home/jmm/scratch/jdk/openjdk-7-7u25-2.3.10/build/openjdk/hotspot/src/share/vm/prims/jvm.cpp:1235
Event: 0,091 Thread 0x0000000000843000 Threw 0x0000000685b09a78 at /home/jmm/scratch/jdk/openjdk-7-7u25-2.3.10/build/openjdk/hotspot/src/share/vm/prims/jni.cpp:1597

Events (10 events):
Event: 0,090 loading class 0x00000000008c9ae0
Event: 0,090 loading class 0x00000000008c9ae0 done
Event: 0,090 loading class 0x00007f1834081bf0
Event: 0,090 loading class 0x00007f1834081bf0 done
Event: 0,090 loading class 0x00007f1834082590
Event: 0,090 loading class 0x00007f1834081130
Event: 0,090 loading class 0x00007f1834083270
Event: 0,091 loading class 0x00007f1834083270 done
Event: 0,091 loading class 0x00007f1834081130 done
Event: 0,091 loading class 0x00007f1834082590 done


Dynamic libraries:
00400000-00401000 r-xp 00000000 fe:05 3981373                            /usr/lib/jvm/java-7-openjdk-amd64/jre/bin/java
00600000-00601000 r--p 00000000 fe:05 3981373                            /usr/lib/jvm/java-7-openjdk-amd64/jre/bin/java
00601000-00602000 rw-p 00001000 fe:05 3981373                            /usr/lib/jvm/java-7-openjdk-amd64/jre/bin/java
00837000-00975000 rw-p 00000000 00:00 0                                  [heap]
386a00000-387ec0000 rw-p 00000000 00:00 0 
387ec0000-391000000 rw-p 00000000 00:00 0 
391000000-3c04b0000 rw-p 00000000 00:00 0 
3c04b0000-685ab0000 rw-p 00000000 00:00 0 
685ab0000-69d500000 rw-p 00000000 00:00 0 
69d500000-800000000 rw-p 00000000 00:00 0 
7f1834000000-7f183408e000 rw-p 00000000 00:00 0 
7f183408e000-7f1838000000 ---p 00000000 00:00 0 
7f1838043000-7f1838250000 rw-p 00000000 00:00 0 
7f1838250000-7f1838252000 r-xp 00000000 fe:04 2547742                    /home/bp4553/workspace/SoftwareArchitekturen/libnative.so
7f1838252000-7f1838451000 ---p 00002000 fe:04 2547742                    /home/bp4553/workspace/SoftwareArchitekturen/libnative.so
7f1838451000-7f1838452000 rw-p 00001000 fe:04 2547742                    /home/bp4553/workspace/SoftwareArchitekturen/libnative.so
7f1838452000-7f1838455000 r--s 0003c000 fe:05 3981406                    /usr/lib/jvm/java-7-openjdk-common/jre/lib/ext/sunpkcs11.jar
7f1838455000-7f1838456000 r--s 00002000 fe:05 3981414                    /usr/lib/jvm/java-7-openjdk-common/jre/lib/ext/dnsns.jar
7f1838456000-7f1838459000 r--s 00032000 fe:05 3981412                    /usr/lib/jvm/java-7-openjdk-common/jre/lib/ext/sunjce_provider.jar
7f1838459000-7f183845d000 r--s 00085000 fe:05 3981410                    /usr/lib/jvm/java-7-openjdk-common/jre/lib/ext/localedata.jar
7f183845d000-7f1838460000 r--s 0000f000 fe:05 3981408                    /usr/lib/jvm/java-7-openjdk-common/jre/lib/ext/pulse-java.jar
7f1838460000-7f1838462000 r--s 00012000 fe:05 3981404                    /usr/lib/jvm/java-7-openjdk-common/jre/lib/ext/zipfs.jar
7f1838462000-7f1838463000 r--s 00007000 fe:05 1213521                    /usr/share/java/java-atk-wrapper.jar
7f1838463000-7f1838464000 ---p 00000000 00:00 0 
7f1838464000-7f1838564000 rw-p 00000000 00:00 0 
7f1838564000-7f1838567000 ---p 00000000 00:00 0 
7f1838567000-7f1838665000 rw-p 00000000 00:00 0 
7f1838665000-7f1838668000 ---p 00000000 00:00 0 
7f1838668000-7f1838766000 rw-p 00000000 00:00 0 
7f1838766000-7f1838769000 ---p 00000000 00:00 0 
7f1838769000-7f1838867000 rw-p 00000000 00:00 0 
7f1838867000-7f183886a000 ---p 00000000 00:00 0 
7f183886a000-7f1838968000 rw-p 00000000 00:00 0 
7f1838968000-7f1838adf000 r--p 00000000 fe:05 3932308                    /usr/lib/locale/locale-archive
7f1838adf000-7f1838ae2000 ---p 00000000 00:00 0 
7f1838ae2000-7f1838be0000 rw-p 00000000 00:00 0 
7f1838be0000-7f1838be3000 ---p 00000000 00:00 0 
7f1838be3000-7f1838ce1000 rw-p 00000000 00:00 0 
7f1838ce1000-7f1838ce2000 ---p 00000000 00:00 0 
7f1838ce2000-7f183ba46000 rw-p 00000000 00:00 0 
7f183ba46000-7f183bbf3000 r--s 01cec000 fe:05 3981368                    /usr/lib/jvm/java-7-openjdk-amd64/jre/lib/rt.jar
7f183bbf3000-7f18687f7000 rw-p 00000000 00:00 0 
7f18687f7000-7f18687f8000 ---p 00000000 00:00 0 
7f18687f8000-7f18688f8000 rw-p 00000000 00:00 0 
7f18688f8000-7f18688f9000 ---p 00000000 00:00 0 
7f18688f9000-7f18689f9000 rw-p 00000000 00:00 0 
7f18689f9000-7f18689fa000 ---p 00000000 00:00 0 
7f18689fa000-7f1868afa000 rw-p 00000000 00:00 0 
7f1868afa000-7f1868afb000 ---p 00000000 00:00 0 
7f1868afb000-7f1868bfb000 rw-p 00000000 00:00 0 
7f1868bfb000-7f1868bfc000 ---p 00000000 00:00 0 
7f1868bfc000-7f1868cfc000 rw-p 00000000 00:00 0 
7f1868cfc000-7f1868cfd000 ---p 00000000 00:00 0 
7f1868cfd000-7f1868dfd000 rw-p 00000000 00:00 0 
7f1868dfd000-7f1868dfe000 ---p 00000000 00:00 0 
7f1868dfe000-7f1868efe000 rw-p 00000000 00:00 0 
7f1868efe000-7f1868eff000 ---p 00000000 00:00 0 
7f1868eff000-7f1868fff000 rw-p 00000000 00:00 0 
7f1868fff000-7f1869000000 ---p 00000000 00:00 0 
7f1869000000-7f1869100000 rw-p 00000000 00:00 0 
7f1869100000-7f1869101000 ---p 00000000 00:00 0 
7f1869101000-7f1869201000 rw-p 00000000 00:00 0 
7f1869201000-7f1869202000 ---p 00000000 00:00 0 
7f1869202000-7f1869302000 rw-p 00000000 00:00 0 
7f1869302000-7f1869303000 ---p 00000000 00:00 0 
7f1869303000-7f1869403000 rw-p 00000000 00:00 0 
7f1869403000-7f1869404000 ---p 00000000 00:00 0 
7f1869404000-7f186950f000 rw-p 00000000 00:00 0 
7f186950f000-7f1869557000 rw-p 00000000 00:00 0 
7f1869557000-7f18696d2000 rw-p 00000000 00:00 0 
7f18696d2000-7f186acfd000 rw-p 00000000 00:00 0 
7f186acfd000-7f186ad08000 rw-p 00000000 00:00 0 
7f186ad08000-7f186ad50000 rw-p 00000000 00:00 0 
7f186ad50000-7f186aecb000 rw-p 00000000 00:00 0 
7f186aecb000-7f186c4f5000 rw-p 00000000 00:00 0 
7f186c4f5000-7f186c5b3000 rw-p 00000000 00:00 0 
7f186c5b3000-7f186d0c8000 rw-p 00000000 00:00 0 
7f186d0c8000-7f186d0c9000 rw-p 00000000 00:00 0 
7f186d0c9000-7f186d339000 rwxp 00000000 00:00 0 
7f186d339000-7f18700c9000 rw-p 00000000 00:00 0 
7f18700c9000-7f18700d1000 r-xp 00000000 fe:05 3981363                    /usr/lib/jvm/java-7-openjdk-amd64/jre/lib/amd64/libzip.so
7f18700d1000-7f18702d0000 ---p 00008000 fe:05 3981363                    /usr/lib/jvm/java-7-openjdk-amd64/jre/lib/amd64/libzip.so
7f18702d0000-7f18702d1000 r--p 00007000 fe:05 3981363                    /usr/lib/jvm/java-7-openjdk-amd64/jre/lib/amd64/libzip.so
7f18702d1000-7f18702d2000 rw-p 00008000 fe:05 3981363                    /usr/lib/jvm/java-7-openjdk-amd64/jre/lib/amd64/libzip.so
7f18702d2000-7f18702dd000 r-xp 00000000 fe:00 2593                       /lib/x86_64-linux-gnu/libnss_files-2.13.so
7f18702dd000-7f18704dc000 ---p 0000b000 fe:00 2593                       /lib/x86_64-linux-gnu/libnss_files-2.13.so
7f18704dc000-7f18704dd000 r--p 0000a000 fe:00 2593                       /lib/x86_64-linux-gnu/libnss_files-2.13.so
7f18704dd000-7f18704de000 rw-p 0000b000 fe:00 2593                       /lib/x86_64-linux-gnu/libnss_files-2.13.so
7f18704de000-7f18704e8000 r-xp 00000000 fe:00 2605                       /lib/x86_64-linux-gnu/libnss_nis-2.13.so
7f18704e8000-7f18706e7000 ---p 0000a000 fe:00 2605                       /lib/x86_64-linux-gnu/libnss_nis-2.13.so
7f18706e7000-7f18706e8000 r--p 00009000 fe:00 2605                       /lib/x86_64-linux-gnu/libnss_nis-2.13.so
7f18706e8000-7f18706e9000 rw-p 0000a000 fe:00 2605                       /lib/x86_64-linux-gnu/libnss_nis-2.13.so
7f18706e9000-7f18706fe000 r-xp 00000000 fe:00 2603                       /lib/x86_64-linux-gnu/libnsl-2.13.so
7f18706fe000-7f18708fd000 ---p 00015000 fe:00 2603                       /lib/x86_64-linux-gnu/libnsl-2.13.so
7f18708fd000-7f18708fe000 r--p 00014000 fe:00 2603                       /lib/x86_64-linux-gnu/libnsl-2.13.so
7f18708fe000-7f18708ff000 rw-p 00015000 fe:00 2603                       /lib/x86_64-linux-gnu/libnsl-2.13.so
7f18708ff000-7f1870901000 rw-p 00000000 00:00 0 
7f1870901000-7f1870908000 r-xp 00000000 fe:00 2595                       /lib/x86_64-linux-gnu/libnss_compat-2.13.so
7f1870908000-7f1870b07000 ---p 00007000 fe:00 2595                       /lib/x86_64-linux-gnu/libnss_compat-2.13.so
7f1870b07000-7f1870b08000 r--p 00006000 fe:00 2595                       /lib/x86_64-linux-gnu/libnss_compat-2.13.so
7f1870b08000-7f1870b09000 rw-p 00007000 fe:00 2595                       /lib/x86_64-linux-gnu/libnss_compat-2.13.so
7f1870b09000-7f1870b33000 r-xp 00000000 fe:05 3981353                    /usr/lib/jvm/java-7-openjdk-amd64/jre/lib/amd64/libjava.so
7f1870b33000-7f1870d33000 ---p 0002a000 fe:05 3981353                    /usr/lib/jvm/java-7-openjdk-amd64/jre/lib/amd64/libjava.so
7f1870d33000-7f1870d34000 r--p 0002a000 fe:05 3981353                    /usr/lib/jvm/java-7-openjdk-amd64/jre/lib/amd64/libjava.so
7f1870d34000-7f1870d36000 rw-p 0002b000 fe:05 3981353                    /usr/lib/jvm/java-7-openjdk-amd64/jre/lib/amd64/libjava.so
7f1870d36000-7f1870d45000 r-xp 00000000 fe:05 3981334                    /usr/lib/jvm/java-7-openjdk-amd64/jre/lib/amd64/libverify.so
7f1870d45000-7f1870f44000 ---p 0000f000 fe:05 3981334                    /usr/lib/jvm/java-7-openjdk-amd64/jre/lib/amd64/libverify.so
7f1870f44000-7f1870f46000 r--p 0000e000 fe:05 3981334                    /usr/lib/jvm/java-7-openjdk-amd64/jre/lib/amd64/libverify.so
7f1870f46000-7f1870f47000 rw-p 00010000 fe:05 3981334                    /usr/lib/jvm/java-7-openjdk-amd64/jre/lib/amd64/libverify.so
7f1870f47000-7f1870f4e000 r-xp 00000000 fe:00 2594                       /lib/x86_64-linux-gnu/librt-2.13.so
7f1870f4e000-7f187114d000 ---p 00007000 fe:00 2594                       /lib/x86_64-linux-gnu/librt-2.13.so
7f187114d000-7f187114e000 r--p 00006000 fe:00 2594                       /lib/x86_64-linux-gnu/librt-2.13.so
7f187114e000-7f187114f000 rw-p 00007000 fe:00 2594                       /lib/x86_64-linux-gnu/librt-2.13.so
7f187114f000-7f1871164000 r-xp 00000000 fe:00 15                         /lib/x86_64-linux-gnu/libgcc_s.so.1
7f1871164000-7f1871364000 ---p 00015000 fe:00 15                         /lib/x86_64-linux-gnu/libgcc_s.so.1
7f1871364000-7f1871365000 rw-p 00015000 fe:00 15                         /lib/x86_64-linux-gnu/libgcc_s.so.1
7f1871365000-7f18713e6000 r-xp 00000000 fe:00 2596                       /lib/x86_64-linux-gnu/libm-2.13.so
7f18713e6000-7f18715e5000 ---p 00081000 fe:00 2596                       /lib/x86_64-linux-gnu/libm-2.13.so
7f18715e5000-7f18715e6000 r--p 00080000 fe:00 2596                       /lib/x86_64-linux-gnu/libm-2.13.so
7f18715e6000-7f18715e7000 rw-p 00081000 fe:00 2596                       /lib/x86_64-linux-gnu/libm-2.13.so
7f18715e7000-7f18716cf000 r-xp 00000000 fe:05 3932165                    /usr/lib/x86_64-linux-gnu/libstdc++.so.6.0.17
7f18716cf000-7f18718cf000 ---p 000e8000 fe:05 3932165                    /usr/lib/x86_64-linux-gnu/libstdc++.so.6.0.17
7f18718cf000-7f18718d7000 r--p 000e8000 fe:05 3932165                    /usr/lib/x86_64-linux-gnu/libstdc++.so.6.0.17
7f18718d7000-7f18718d9000 rw-p 000f0000 fe:05 3932165                    /usr/lib/x86_64-linux-gnu/libstdc++.so.6.0.17
7f18718d9000-7f18718ee000 rw-p 00000000 00:00 0 
7f18718ee000-7f18722df000 r-xp 00000000 fe:05 3981338                    /usr/lib/jvm/java-7-openjdk-amd64/jre/lib/amd64/server/libjvm.so
7f18722df000-7f18724df000 ---p 009f1000 fe:05 3981338                    /usr/lib/jvm/java-7-openjdk-amd64/jre/lib/amd64/server/libjvm.so
7f18724df000-7f187255e000 r--p 009f1000 fe:05 3981338                    /usr/lib/jvm/java-7-openjdk-amd64/jre/lib/amd64/server/libjvm.so
7f187255e000-7f1872581000 rw-p 00a70000 fe:05 3981338                    /usr/lib/jvm/java-7-openjdk-amd64/jre/lib/amd64/server/libjvm.so
7f1872581000-7f18725ac000 rw-p 00000000 00:00 0 
7f18725ac000-7f187272c000 r-xp 00000000 fe:00 2599                       /lib/x86_64-linux-gnu/libc-2.13.so
7f187272c000-7f187292c000 ---p 00180000 fe:00 2599                       /lib/x86_64-linux-gnu/libc-2.13.so
7f187292c000-7f1872930000 r--p 00180000 fe:00 2599                       /lib/x86_64-linux-gnu/libc-2.13.so
7f1872930000-7f1872931000 rw-p 00184000 fe:00 2599                       /lib/x86_64-linux-gnu/libc-2.13.so
7f1872931000-7f1872936000 rw-p 00000000 00:00 0 
7f1872936000-7f1872938000 r-xp 00000000 fe:00 2592                       /lib/x86_64-linux-gnu/libdl-2.13.so
7f1872938000-7f1872b38000 ---p 00002000 fe:00 2592                       /lib/x86_64-linux-gnu/libdl-2.13.so
7f1872b38000-7f1872b39000 r--p 00002000 fe:00 2592                       /lib/x86_64-linux-gnu/libdl-2.13.so
7f1872b39000-7f1872b3a000 rw-p 00003000 fe:00 2592                       /lib/x86_64-linux-gnu/libdl-2.13.so
7f1872b3a000-7f1872b50000 r-xp 00000000 fe:00 101                        /lib/x86_64-linux-gnu/libz.so.1.2.7
7f1872b50000-7f1872d4f000 ---p 00016000 fe:00 101                        /lib/x86_64-linux-gnu/libz.so.1.2.7
7f1872d4f000-7f1872d50000 r--p 00015000 fe:00 101                        /lib/x86_64-linux-gnu/libz.so.1.2.7
7f1872d50000-7f1872d51000 rw-p 00016000 fe:00 101                        /lib/x86_64-linux-gnu/libz.so.1.2.7
7f1872d51000-7f1872d5e000 r-xp 00000000 fe:05 3989590                    /usr/lib/jvm/java-7-openjdk-amd64/jre/lib/amd64/jli/libjli.so
7f1872d5e000-7f1872f5d000 ---p 0000d000 fe:05 3989590                    /usr/lib/jvm/java-7-openjdk-amd64/jre/lib/amd64/jli/libjli.so
7f1872f5d000-7f1872f5e000 r--p 0000c000 fe:05 3989590                    /usr/lib/jvm/java-7-openjdk-amd64/jre/lib/amd64/jli/libjli.so
7f1872f5e000-7f1872f5f000 rw-p 0000d000 fe:05 3989590                    /usr/lib/jvm/java-7-openjdk-amd64/jre/lib/amd64/jli/libjli.so
7f1872f5f000-7f1872f76000 r-xp 00000000 fe:00 2589                       /lib/x86_64-linux-gnu/libpthread-2.13.so
7f1872f76000-7f1873175000 ---p 00017000 fe:00 2589                       /lib/x86_64-linux-gnu/libpthread-2.13.so
7f1873175000-7f1873176000 r--p 00016000 fe:00 2589                       /lib/x86_64-linux-gnu/libpthread-2.13.so
7f1873176000-7f1873177000 rw-p 00017000 fe:00 2589                       /lib/x86_64-linux-gnu/libpthread-2.13.so
7f1873177000-7f187317b000 rw-p 00000000 00:00 0 
7f187317b000-7f187319b000 r-xp 00000000 fe:00 2602                       /lib/x86_64-linux-gnu/ld-2.13.so
7f18731b8000-7f18731c2000 rw-p 00000000 00:00 0 
7f18731c2000-7f1873278000 rw-p 00000000 00:00 0 
7f1873278000-7f187327b000 ---p 00000000 00:00 0 
7f187327b000-7f187337e000 rw-p 00000000 00:00 0 
7f187338c000-7f187338e000 rw-p 00000000 00:00 0 
7f187338e000-7f1873396000 rw-s 00000000 fe:01 105875                     /tmp/hsperfdata_bp4553/16235
7f1873396000-7f1873397000 rw-p 00000000 00:00 0 
7f1873397000-7f1873398000 r--p 00000000 00:00 0 
7f1873398000-7f187339a000 rw-p 00000000 00:00 0 
7f187339a000-7f187339b000 r--p 0001f000 fe:00 2602                       /lib/x86_64-linux-gnu/ld-2.13.so
7f187339b000-7f187339c000 rw-p 00020000 fe:00 2602                       /lib/x86_64-linux-gnu/ld-2.13.so
7f187339c000-7f187339d000 rw-p 00000000 00:00 0 
7ffff38f2000-7ffff3913000 rw-p 00000000 00:00 0                          [stack]
7ffff3965000-7ffff3966000 r-xp 00000000 00:00 0                          [vdso]
ffffffffff600000-ffffffffff601000 r-xp 00000000 00:00 0                  [vsyscall]

VM Arguments:
jvm_args: -Dfile.encoding=UTF-8 
java_command: de.hswt.swa.jni.JNITest
Launcher Type: SUN_STANDARD

Environment Variables:
PATH=/usr/local/bin:/usr/bin:/bin:/usr/bin/X11:/usr/games
LD_LIBRARY_PATH=/usr/lib/nx/X11/Xinerama:/usr/lib/nx/X11
SHELL=/bin/bash
DISPLAY=:79.0

Signal Handlers:
SIGSEGV: [libjvm.so+0x84ff00], sa_mask[0]=0x7ffbfeff, sa_flags=0x10000004
SIGBUS: [libjvm.so+0x84ff00], sa_mask[0]=0x7ffbfeff, sa_flags=0x10000004
SIGFPE: [libjvm.so+0x6f2230], sa_mask[0]=0x7ffbfeff, sa_flags=0x10000004
SIGPIPE: [libjvm.so+0x6f2230], sa_mask[0]=0x7ffbfeff, sa_flags=0x10000004
SIGXFSZ: [libjvm.so+0x6f2230], sa_mask[0]=0x7ffbfeff, sa_flags=0x10000004
SIGILL: [libjvm.so+0x6f2230], sa_mask[0]=0x7ffbfeff, sa_flags=0x10000004
SIGUSR1: SIG_DFL, sa_mask[0]=0x00000000, sa_flags=0x00000000
SIGUSR2: [libjvm.so+0x6f2600], sa_mask[0]=0x00000004, sa_flags=0x10000004
SIGHUP: [libjvm.so+0x6f2740], sa_mask[0]=0x7ffbfeff, sa_flags=0x10000004
SIGINT: [libjvm.so+0x6f2740], sa_mask[0]=0x7ffbfeff, sa_flags=0x10000004
SIGTERM: [libjvm.so+0x6f2740], sa_mask[0]=0x7ffbfeff, sa_flags=0x10000004
SIGQUIT: [libjvm.so+0x6f2740], sa_mask[0]=0x7ffbfeff, sa_flags=0x10000004


---------------  S Y S T E M  ---------------

OS:7.2

uname:Linux 3.2.0-4-amd64 #1 SMP Debian 3.2.51-1 x86_64
libc:glibc 2.13 NPTL 2.13 
rlimit: STACK 8192k, CORE 0k, NPROC 581066, NOFILE 4096, AS infinity
load average:1,74 1,55 1,49

/proc/meminfo:
MemTotal:       74381500 kB
MemFree:        53751428 kB
Buffers:         1357976 kB
Cached:          7857832 kB
SwapCached:            0 kB
Active:         14374704 kB
Inactive:        4502564 kB
Active(anon):    9661360 kB
Inactive(anon):   127020 kB
Active(file):    4713344 kB
Inactive(file):  4375544 kB
Unevictable:           0 kB
Mlocked:               0 kB
SwapTotal:             0 kB
SwapFree:              0 kB
Dirty:               632 kB
Writeback:             0 kB
AnonPages:       9662304 kB
Mapped:           436024 kB
Shmem:            127260 kB
Slab:            1275708 kB
SReclaimable:    1177576 kB
SUnreclaim:        98132 kB
KernelStack:       17288 kB
PageTables:       203144 kB
NFS_Unstable:          0 kB
Bounce:                0 kB
WritebackTmp:          0 kB
CommitLimit:    37190748 kB
Committed_AS:   26052084 kB
VmallocTotal:   34359738367 kB
VmallocUsed:      230856 kB
VmallocChunk:   34321757564 kB
HardwareCorrupted:     0 kB
AnonHugePages:         0 kB
HugePages_Total:       0
HugePages_Free:        0
HugePages_Rsvd:        0
HugePages_Surp:        0
Hugepagesize:       2048 kB
DirectMap4k:       81664 kB
DirectMap2M:    75407360 kB


CPU:total 16 (4 cores per cpu, 2 threads per core) family 6 model 26 stepping 5, cmov, cx8, fxsr, mmx, sse, sse2, sse3, ssse3, sse4.1, sse4.2, popcnt, ht, tsc, tscinvbit, tscinv

/proc/cpuinfo:
processor	: 0
vendor_id	: GenuineIntel
cpu family	: 6
model		: 26
model name	: Intel(R) Xeon(R) CPU           E5540  @ 2.53GHz
stepping	: 5
microcode	: 0x11
cpu MHz		: 1596.000
cache size	: 8192 KB
physical id	: 0
siblings	: 8
core id		: 0
cpu cores	: 4
apicid		: 0
initial apicid	: 0
fpu		: yes
fpu_exception	: yes
cpuid level	: 11
wp		: yes
flags		: fpu vme de pse tsc msr pae mce cx8 apic sep mtrr pge mca cmov pat pse36 clflush dts acpi mmx fxsr sse sse2 ss ht tm pbe syscall nx rdtscp lm constant_tsc arch_perfmon pebs bts rep_good nopl xtopology nonstop_tsc aperfmperf pni dtes64 monitor ds_cpl vmx est tm2 ssse3 cx16 xtpr pdcm dca sse4_1 sse4_2 popcnt lahf_lm ida dtherm tpr_shadow vnmi flexpriority ept vpid
bogomips	: 5066.12
clflush size	: 64
cache_alignment	: 64
address sizes	: 40 bits physical, 48 bits virtual
power management:

processor	: 1
vendor_id	: GenuineIntel
cpu family	: 6
model		: 26
model name	: Intel(R) Xeon(R) CPU           E5540  @ 2.53GHz
stepping	: 5
microcode	: 0x11
cpu MHz		: 1596.000
cache size	: 8192 KB
physical id	: 0
siblings	: 8
core id		: 1
cpu cores	: 4
apicid		: 2
initial apicid	: 2
fpu		: yes
fpu_exception	: yes
cpuid level	: 11
wp		: yes
flags		: fpu vme de pse tsc msr pae mce cx8 apic sep mtrr pge mca cmov pat pse36 clflush dts acpi mmx fxsr sse sse2 ss ht tm pbe syscall nx rdtscp lm constant_tsc arch_perfmon pebs bts rep_good nopl xtopology nonstop_tsc aperfmperf pni dtes64 monitor ds_cpl vmx est tm2 ssse3 cx16 xtpr pdcm dca sse4_1 sse4_2 popcnt lahf_lm ida dtherm tpr_shadow vnmi flexpriority ept vpid
bogomips	: 5066.65
clflush size	: 64
cache_alignment	: 64
address sizes	: 40 bits physical, 48 bits virtual
power management:

processor	: 2
vendor_id	: GenuineIntel
cpu family	: 6
model		: 26
model name	: Intel(R) Xeon(R) CPU           E5540  @ 2.53GHz
stepping	: 5
microcode	: 0x11
cpu MHz		: 1596.000
cache size	: 8192 KB
physical id	: 0
siblings	: 8
core id		: 2
cpu cores	: 4
apicid		: 4
initial apicid	: 4
fpu		: yes
fpu_exception	: yes
cpuid level	: 11
wp		: yes
flags		: fpu vme de pse tsc msr pae mce cx8 apic sep mtrr pge mca cmov pat pse36 clflush dts acpi mmx fxsr sse sse2 ss ht tm pbe syscall nx rdtscp lm constant_tsc arch_perfmon pebs bts rep_good nopl xtopology nonstop_tsc aperfmperf pni dtes64 monitor ds_cpl vmx est tm2 ssse3 cx16 xtpr pdcm dca sse4_1 sse4_2 popcnt lahf_lm ida dtherm tpr_shadow vnmi flexpriority ept vpid
bogomips	: 5066.66
clflush size	: 64
cache_alignment	: 64
address sizes	: 40 bits physical, 48 bits virtual
power management:

processor	: 3
vendor_id	: GenuineIntel
cpu family	: 6
model		: 26
model name	: Intel(R) Xeon(R) CPU           E5540  @ 2.53GHz
stepping	: 5
microcode	: 0x11
cpu MHz		: 1596.000
cache size	: 8192 KB
physical id	: 0
siblings	: 8
core id		: 3
cpu cores	: 4
apicid		: 6
initial apicid	: 6
fpu		: yes
fpu_exception	: yes
cpuid level	: 11
wp		: yes
flags		: fpu vme de pse tsc msr pae mce cx8 apic sep mtrr pge mca cmov pat pse36 clflush dts acpi mmx fxsr sse sse2 ss ht tm pbe syscall nx rdtscp lm constant_tsc arch_perfmon pebs bts rep_good nopl xtopology nonstop_tsc aperfmperf pni dtes64 monitor ds_cpl vmx est tm2 ssse3 cx16 xtpr pdcm dca sse4_1 sse4_2 popcnt lahf_lm ida dtherm tpr_shadow vnmi flexpriority ept vpid
bogomips	: 5066.66
clflush size	: 64
cache_alignment	: 64
address sizes	: 40 bits physical, 48 bits virtual
power management:

processor	: 4
vendor_id	: GenuineIntel
cpu family	: 6
model		: 26
model name	: Intel(R) Xeon(R) CPU           E5540  @ 2.53GHz
stepping	: 5
microcode	: 0x11
cpu MHz		: 1596.000
cache size	: 8192 KB
physical id	: 1
siblings	: 8
core id		: 0
cpu cores	: 4
apicid		: 16
initial apicid	: 16
fpu		: yes
fpu_exception	: yes
cpuid level	: 11
wp		: yes
flags		: fpu vme de pse tsc msr pae mce cx8 apic sep mtrr pge mca cmov pat pse36 clflush dts acpi mmx fxsr sse sse2 ss ht tm pbe syscall nx rdtscp lm constant_tsc arch_perfmon pebs bts rep_good nopl xtopology nonstop_tsc aperfmperf pni dtes64 monitor ds_cpl vmx est tm2 ssse3 cx16 xtpr pdcm dca sse4_1 sse4_2 popcnt lahf_lm ida dtherm tpr_shadow vnmi flexpriority ept vpid
bogomips	: 5066.70
clflush size	: 64
cache_alignment	: 64
address sizes	: 40 bits physical, 48 bits virtual
power management:

processor	: 5
vendor_id	: GenuineIntel
cpu family	: 6
model		: 26
model name	: Intel(R) Xeon(R) CPU           E5540  @ 2.53GHz
stepping	: 5
microcode	: 0x11
cpu MHz		: 1596.000
cache size	: 8192 KB
physical id	: 1
siblings	: 8
core id		: 1
cpu cores	: 4
apicid		: 18
initial apicid	: 18
fpu		: yes
fpu_exception	: yes
cpuid level	: 11
wp		: yes
flags		: fpu vme de pse tsc msr pae mce cx8 apic sep mtrr pge mca cmov pat pse36 clflush dts acpi mmx fxsr sse sse2 ss ht tm pbe syscall nx rdtscp lm constant_tsc arch_perfmon pebs bts rep_good nopl xtopology nonstop_tsc aperfmperf pni dtes64 monitor ds_cpl vmx est tm2 ssse3 cx16 xtpr pdcm dca sse4_1 sse4_2 popcnt lahf_lm ida dtherm tpr_shadow vnmi flexpriority ept vpid
bogomips	: 5066.70
clflush size	: 64
cache_alignment	: 64
address sizes	: 40 bits physical, 48 bits virtual
power management:

processor	: 6
vendor_id	: GenuineIntel
cpu family	: 6
model		: 26
model name	: Intel(R) Xeon(R) CPU           E5540  @ 2.53GHz
stepping	: 5
microcode	: 0x11
cpu MHz		: 1596.000
cache size	: 8192 KB
physical id	: 1
siblings	: 8
core id		: 2
cpu cores	: 4
apicid		: 20
initial apicid	: 20
fpu		: yes
fpu_exception	: yes
cpuid level	: 11
wp		: yes
flags		: fpu vme de pse tsc msr pae mce cx8 apic sep mtrr pge mca cmov pat pse36 clflush dts acpi mmx fxsr sse sse2 ss ht tm pbe syscall nx rdtscp lm constant_tsc arch_perfmon pebs bts rep_good nopl xtopology nonstop_tsc aperfmperf pni dtes64 monitor ds_cpl vmx est tm2 ssse3 cx16 xtpr pdcm dca sse4_1 sse4_2 popcnt lahf_lm ida dtherm tpr_shadow vnmi flexpriority ept vpid
bogomips	: 5066.70
clflush size	: 64
cache_alignment	: 64
address sizes	: 40 bits physical, 48 bits virtual
power management:

processor	: 7
vendor_id	: GenuineIntel
cpu family	: 6
model		: 26
model name	: Intel(R) Xeon(R) CPU           E5540  @ 2.53GHz
stepping	: 5
microcode	: 0x11
cpu MHz		: 1596.000
cache size	: 8192 KB
physical id	: 1
siblings	: 8
core id		: 3
cpu cores	: 4
apicid		: 22
initial apicid	: 22
fpu		: yes
fpu_exception	: yes
cpuid level	: 11
wp		: yes
flags		: fpu vme de pse tsc msr pae mce cx8 apic sep mtrr pge mca cmov pat pse36 clflush dts acpi mmx fxsr sse sse2 ss ht tm pbe syscall nx rdtscp lm constant_tsc arch_perfmon pebs bts rep_good nopl xtopology nonstop_tsc aperfmperf pni dtes64 monitor ds_cpl vmx est tm2 ssse3 cx16 xtpr pdcm dca sse4_1 sse4_2 popcnt lahf_lm ida dtherm tpr_shadow vnmi flexpriority ept vpid
bogomips	: 5066.71
clflush size	: 64
cache_alignment	: 64
address sizes	: 40 bits physical, 48 bits virtual
power management:

processor	: 8
vendor_id	: GenuineIntel
cpu family	: 6
model		: 26
model name	: Intel(R) Xeon(R) CPU           E5540  @ 2.53GHz
stepping	: 5
microcode	: 0x11
cpu MHz		: 1596.000
cache size	: 8192 KB
physical id	: 0
siblings	: 8
core id		: 0
cpu cores	: 4
apicid		: 1
initial apicid	: 1
fpu		: yes
fpu_exception	: yes
cpuid level	: 11
wp		: yes
flags		: fpu vme de pse tsc msr pae mce cx8 apic sep mtrr pge mca cmov pat pse36 clflush dts acpi mmx fxsr sse sse2 ss ht tm pbe syscall nx rdtscp lm constant_tsc arch_perfmon pebs bts rep_good nopl xtopology nonstop_tsc aperfmperf pni dtes64 monitor ds_cpl vmx est tm2 ssse3 cx16 xtpr pdcm dca sse4_1 sse4_2 popcnt lahf_lm ida dtherm tpr_shadow vnmi flexpriority ept vpid
bogomips	: 5066.70
clflush size	: 64
cache_alignment	: 64
address sizes	: 40 bits physical, 48 bits virtual
power management:

processor	: 9
vendor_id	: GenuineIntel
cpu family	: 6
model		: 26
model name	: Intel(R) Xeon(R) CPU           E5540  @ 2.53GHz
stepping	: 5
microcode	: 0x11
cpu MHz		: 1596.000
cache size	: 8192 KB
physical id	: 0
siblings	: 8
core id		: 1
cpu cores	: 4
apicid		: 3
initial apicid	: 3
fpu		: yes
fpu_exception	: yes
cpuid level	: 11
wp		: yes
flags		: fpu vme de pse tsc msr pae mce cx8 apic sep mtrr pge mca cmov pat pse36 clflush dts acpi mmx fxsr sse sse2 ss ht tm pbe syscall nx rdtscp lm constant_tsc arch_perfmon pebs bts rep_good nopl xtopology nonstop_tsc aperfmperf pni dtes64 monitor ds_cpl vmx est tm2 ssse3 cx16 xtpr pdcm dca sse4_1 sse4_2 popcnt lahf_lm ida dtherm tpr_shadow vnmi flexpriority ept vpid
bogomips	: 5066.70
clflush size	: 64
cache_alignment	: 64
address sizes	: 40 bits physical, 48 bits virtual
power management:

processor	: 10
vendor_id	: GenuineIntel
cpu family	: 6
model		: 26
model name	: Intel(R) Xeon(R) CPU           E5540  @ 2.53GHz
stepping	: 5
microcode	: 0x11
cpu MHz		: 1596.000
cache size	: 8192 KB
physical id	: 0
siblings	: 8
core id		: 2
cpu cores	: 4
apicid		: 5
initial apicid	: 5
fpu		: yes
fpu_exception	: yes
cpuid level	: 11
wp		: yes
flags		: fpu vme de pse tsc msr pae mce cx8 apic sep mtrr pge mca cmov pat pse36 clflush dts acpi mmx fxsr sse sse2 ss ht tm pbe syscall nx rdtscp lm constant_tsc arch_perfmon pebs bts rep_good nopl xtopology nonstop_tsc aperfmperf pni dtes64 monitor ds_cpl vmx est tm2 ssse3 cx16 xtpr pdcm dca sse4_1 sse4_2 popcnt lahf_lm ida dtherm tpr_shadow vnmi flexpriority ept vpid
bogomips	: 5066.73
clflush size	: 64
cache_alignment	: 64
address sizes	: 40 bits physical, 48 bits virtual
power management:

processor	: 11
vendor_id	: GenuineIntel
cpu family	: 6
model		: 26
model name	: Intel(R) Xeon(R) CPU           E5540  @ 2.53GHz
stepping	: 5
microcode	: 0x11
cpu MHz		: 1596.000
cache size	: 8192 KB
physical id	: 0
siblings	: 8
core id		: 3
cpu cores	: 4
apicid		: 7
initial apicid	: 7
fpu		: yes
fpu_exception	: yes
cpuid level	: 11
wp		: yes
flags		: fpu vme de pse tsc msr pae mce cx8 apic sep mtrr pge mca cmov pat pse36 clflush dts acpi mmx fxsr sse sse2 ss ht tm pbe syscall nx rdtscp lm constant_tsc arch_perfmon pebs bts rep_good nopl xtopology nonstop_tsc aperfmperf pni dtes64 monitor ds_cpl vmx est tm2 ssse3 cx16 xtpr pdcm dca sse4_1 sse4_2 popcnt lahf_lm ida dtherm tpr_shadow vnmi flexpriority ept vpid
bogomips	: 5066.72
clflush size	: 64
cache_alignment	: 64
address sizes	: 40 bits physical, 48 bits virtual
power management:

processor	: 12
vendor_id	: GenuineIntel
cpu family	: 6
model		: 26
model name	: Intel(R) Xeon(R) CPU           E5540  @ 2.53GHz
stepping	: 5
microcode	: 0x11
cpu MHz		: 1596.000
cache size	: 8192 KB
physical id	: 1
siblings	: 8
core id		: 0
cpu cores	: 4
apicid		: 17
initial apicid	: 17
fpu		: yes
fpu_exception	: yes
cpuid level	: 11
wp		: yes
flags		: fpu vme de pse tsc msr pae mce cx8 apic sep mtrr pge mca cmov pat pse36 clflush dts acpi mmx fxsr sse sse2 ss ht tm pbe syscall nx rdtscp lm constant_tsc arch_perfmon pebs bts rep_good nopl xtopology nonstop_tsc aperfmperf pni dtes64 monitor ds_cpl vmx est tm2 ssse3 cx16 xtpr pdcm dca sse4_1 sse4_2 popcnt lahf_lm ida dtherm tpr_shadow vnmi flexpriority ept vpid
bogomips	: 5066.67
clflush size	: 64
cache_alignment	: 64
address sizes	: 40 bits physical, 48 bits virtual
power management:

processor	: 13
vendor_id	: GenuineIntel
cpu family	: 6
model		: 26
model name	: Intel(R) Xeon(R) CPU           E5540  @ 2.53GHz
stepping	: 5
microcode	: 0x11
cpu MHz		: 1596.000
cache size	: 8192 KB
physical id	: 1
siblings	: 8
core id		: 1
cpu cores	: 4
apicid		: 19
initial apicid	: 19
fpu		: yes
fpu_exception	: yes
cpuid level	: 11
wp		: yes
flags		: fpu vme de pse tsc msr pae mce cx8 apic sep mtrr pge mca cmov pat pse36 clflush dts acpi mmx fxsr sse sse2 ss ht tm pbe syscall nx rdtscp lm constant_tsc arch_perfmon pebs bts rep_good nopl xtopology nonstop_tsc aperfmperf pni dtes64 monitor ds_cpl vmx est tm2 ssse3 cx16 xtpr pdcm dca sse4_1 sse4_2 popcnt lahf_lm ida dtherm tpr_shadow vnmi flexpriority ept vpid
bogomips	: 5066.71
clflush size	: 64
cache_alignment	: 64
address sizes	: 40 bits physical, 48 bits virtual
power management:

processor	: 14
vendor_id	: GenuineIntel
cpu family	: 6
model		: 26
model name	: Intel(R) Xeon(R) CPU           E5540  @ 2.53GHz
stepping	: 5
microcode	: 0x11
cpu MHz		: 1596.000
cache size	: 8192 KB
physical id	: 1
siblings	: 8
core id		: 2
cpu cores	: 4
apicid		: 21
initial apicid	: 21
fpu		: yes
fpu_exception	: yes
cpuid level	: 11
wp		: yes
flags		: fpu vme de pse tsc msr pae mce cx8 apic sep mtrr pge mca cmov pat pse36 clflush dts acpi mmx fxsr sse sse2 ss ht tm pbe syscall nx rdtscp lm constant_tsc arch_perfmon pebs bts rep_good nopl xtopology nonstop_tsc aperfmperf pni dtes64 monitor ds_cpl vmx est tm2 ssse3 cx16 xtpr pdcm dca sse4_1 sse4_2 popcnt lahf_lm ida dtherm tpr_shadow vnmi flexpriority ept vpid
bogomips	: 5066.69
clflush size	: 64
cache_alignment	: 64
address sizes	: 40 bits physical, 48 bits virtual
power management:

processor	: 15
vendor_id	: GenuineIntel
cpu family	: 6
model		: 26
model name	: Intel(R) Xeon(R) CPU           E5540  @ 2.53GHz
stepping	: 5
microcode	: 0x11
cpu MHz		: 2528.000
cache size	: 8192 KB
physical id	: 1
siblings	: 8
core id		: 3
cpu cores	: 4
apicid		: 23
initial apicid	: 23
fpu		: yes
fpu_exception	: yes
cpuid level	: 11
wp		: yes
flags		: fpu vme de pse tsc msr pae mce cx8 apic sep mtrr pge mca cmov pat pse36 clflush dts acpi mmx fxsr sse sse2 ss ht tm pbe syscall nx rdtscp lm constant_tsc arch_perfmon pebs bts rep_good nopl xtopology nonstop_tsc aperfmperf pni dtes64 monitor ds_cpl vmx est tm2 ssse3 cx16 xtpr pdcm dca sse4_1 sse4_2 popcnt lahf_lm ida dtherm tpr_shadow vnmi flexpriority ept vpid
bogomips	: 5066.73
clflush size	: 64
cache_alignment	: 64
address sizes	: 40 bits physical, 48 bits virtual
power management:



Memory: 4k page, physical 74381500k(53750940k free), swap 0k(0k free)

vm_info: OpenJDK 64-Bit Server VM (23.7-b01) for linux-amd64 JRE (1.7.0_25-b30), built on Jul  3 2013 10:28:26 by "jmm" with gcc 4.7.2

time: Mon Nov  4 14:38:00 2013
elapsed time: 0 seconds

